SF:lib/core/providers/theme_provider.dart
DA:5,11
DA:6,2
DA:10,6
DA:11,3
DA:14,3
DA:15,3
DA:16,3
DA:17,3
DA:18,4
DA:21,1
DA:22,1
DA:23,1
DA:24,2
LF:13
LH:13
end_of_record
SF:lib/core/utils/csv.dart
DA:3,1
DA:4,3
DA:7,1
DA:8,1
DA:9,2
DA:10,2
DA:12,1
DA:15,1
DA:16,1
DA:17,1
DA:18,1
DA:19,1
DA:20,1
DA:21,1
LF:14
LH:14
end_of_record
SF:lib/core/ui/biz_theme.dart
DA:84,2
DA:85,2
DA:88,2
DA:92,2
DA:103,2
DA:106,2
DA:128,2
DA:131,2
DA:132,4
DA:137,2
DA:143,4
DA:144,6
DA:145,6
DA:146,6
DA:148,6
DA:149,6
DA:150,6
DA:152,4
DA:153,4
DA:154,4
DA:156,4
DA:157,4
DA:158,4
DA:160,4
DA:161,4
DA:162,4
DA:166,2
DA:172,2
DA:176,2
DA:178,2
DA:183,2
DA:186,2
DA:187,2
DA:188,2
DA:194,2
DA:195,2
DA:201,4
DA:202,2
DA:205,2
DA:206,2
DA:212,4
DA:213,2
DA:216,2
DA:217,2
DA:221,2
DA:224,2
DA:225,2
DA:227,2
DA:230,4
DA:231,2
DA:236,2
DA:241,4
DA:245,2
DA:249,2
DA:250,2
DA:251,2
DA:252,2
DA:255,2
DA:256,2
DA:259,2
DA:260,2
DA:261,2
DA:263,2
DA:264,2
DA:265,2
DA:270,2
DA:274,2
DA:275,2
DA:280,2
DA:286,2
LF:70
LH:70
end_of_record
SF:lib/core/services/tax_calculation_service.dart
DA:5,1
DA:19,1
DA:34,1
DA:35,1
DA:36,2
DA:37,2
DA:38,1
DA:42,1
DA:43,4
DA:44,4
DA:45,2
DA:47,1
DA:48,2
DA:49,2
DA:50,5
DA:53,1
LF:16
LH:16
end_of_record
SF:lib/core/utils/money.dart
DA:6,1
DA:7,3
DA:11,1
DA:12,3
DA:13,1
DA:16,0
LF:6
LH:5
end_of_record
SF:lib/core/models/ico_lookup_result.dart
DA:24,3
DA:46,3
DA:67,3
DA:69,2
DA:71,3
DA:96,1
DA:97,1
DA:104,0
DA:105,0
DA:113,1
DA:114,1
DA:123,0
DA:124,0
DA:132,0
DA:133,0
DA:138,2
DA:139,2
DA:140,2
DA:141,2
DA:142,2
DA:143,2
DA:144,2
DA:145,2
DA:146,2
DA:147,2
DA:148,2
DA:149,2
DA:150,2
DA:151,2
DA:152,2
DA:153,2
DA:154,4
DA:158,4
DA:159,2
DA:160,2
DA:161,2
DA:162,2
DA:163,2
DA:164,2
DA:165,2
DA:166,2
DA:167,2
DA:168,2
DA:169,2
DA:170,2
DA:171,2
DA:172,2
DA:173,2
DA:176,1
DA:177,1
DA:178,1
DA:179,1
DA:181,1
DA:183,1
DA:184,1
DA:185,0
DA:186,1
DA:187,0
DA:188,1
DA:189,1
DA:190,2
DA:191,3
DA:192,1
DA:193,1
DA:194,1
DA:195,1
DA:196,1
DA:200,0
DA:201,0
DA:202,0
DA:203,0
DA:205,0
DA:206,0
DA:208,0
DA:211,0
DA:212,0
DA:213,0
DA:214,0
DA:215,0
DA:216,0
DA:217,0
DA:219,0
DA:225,6
DA:227,1
DA:228,8
DA:229,1
LF:86
LH:63
end_of_record
SF:lib/core/services/company_lookup_service.dart
DA:9,3
DA:10,0
DA:11,0
DA:12,0
DA:17,2
DA:29,2
DA:30,2
DA:31,2
DA:32,0
DA:35,6
DA:36,2
DA:38,2
DA:39,4
DA:41,2
DA:46,4
DA:50,2
DA:55,2
DA:63,4
DA:66,1
DA:69,2
DA:74,6
DA:76,0
DA:77,0
DA:79,0
DA:83,2
DA:88,4
DA:89,2
DA:90,6
DA:97,2
DA:98,2
DA:100,6
DA:103,2
DA:104,4
DA:105,4
LF:34
LH:27
end_of_record
SF:lib/core/services/icoatlas_service.dart
DA:7,3
DA:11,0
DA:18,0
DA:21,0
DA:30,0
DA:41,0
DA:48,1
DA:52,0
DA:54,0
DA:56,0
DA:57,0
DA:59,0
DA:60,0
DA:67,0
DA:69,0
DA:70,0
DA:73,0
DA:74,0
DA:75,0
DA:76,0
DA:77,0
DA:80,0
DA:83,0
DA:90,0
DA:92,0
DA:93,0
DA:94,0
DA:100,0
DA:105,0
DA:107,0
DA:108,0
DA:111,0
DA:113,0
DA:116,0
DA:117,0
DA:118,0
DA:119,0
DA:120,0
DA:123,0
DA:124,0
DA:126,0
DA:129,0
DA:135,0
DA:138,0
DA:140,0
DA:141,0
DA:142,0
DA:144,0
DA:145,0
DA:146,0
DA:157,0
DA:158,0
DA:162,0
DA:164,0
DA:165,0
DA:167,0
DA:169,0
LF:57
LH:2
end_of_record
SF:lib/core/models/company_info.dart
DA:8,0
DA:16,0
DA:17,0
DA:18,0
DA:19,0
DA:20,0
DA:21,0
DA:22,0
LF:8
LH:0
end_of_record
SF:lib/features/invoices/services/invoice_numbering_service.dart
DA:5,1
DA:11,1
DA:19,1
DA:20,3
DA:26,1
DA:30,0
DA:31,1
DA:34,2
DA:35,1
DA:36,1
DA:37,3
DA:38,1
DA:39,1
DA:45,3
DA:46,3
DA:49,1
DA:50,3
DA:51,1
DA:52,1
DA:55,0
DA:56,0
DA:60,0
DA:62,0
DA:63,0
LF:24
LH:18
end_of_record
SF:lib/features/invoices/data/invoice_numbering_repository.dart
DA:16,1
DA:22,1
DA:27,4
DA:29,6
DA:31,0
DA:33,0
DA:34,0
DA:36,0
DA:37,0
DA:38,0
LF:10
LH:4
end_of_record
SF:lib/core/services/qr_payment_service.dart
DA:5,1
DA:24,3
DA:26,1
DA:27,3
DA:29,1
DA:30,1
DA:32,2
DA:36,1
DA:37,1
DA:38,1
DA:43,1
DA:44,2
DA:45,2
DA:46,2
DA:48,2
DA:49,2
DA:52,1
DA:54,1
DA:62,1
DA:68,1
DA:71,1
DA:72,1
DA:73,2
DA:74,1
DA:75,1
DA:78,1
DA:80,3
DA:81,2
DA:82,0
LF:29
LH:28
end_of_record
SF:lib/core/services/gemini_service.dart
DA:21,3
DA:24,3
DA:27,1
DA:29,1
DA:30,1
DA:33,1
DA:34,2
DA:35,0
DA:37,0
DA:38,0
DA:41,0
DA:44,0
DA:53,0
DA:54,0
DA:55,0
DA:57,0
DA:58,0
DA:63,0
DA:64,0
DA:67,0
DA:70,0
DA:73,0
DA:77,0
DA:79,0
DA:82,0
DA:85,0
DA:86,0
DA:90,0
DA:92,0
DA:94,0
DA:96,0
DA:100,0
DA:103,0
DA:104,0
DA:109,0
DA:111,0
DA:114,0
DA:123,5
DA:124,1
DA:127,2
DA:133,0
DA:134,0
DA:137,0
DA:139,0
DA:140,0
DA:141,0
DA:142,0
DA:143,0
DA:146,0
DA:149,0
DA:152,0
DA:156,0
DA:158,0
DA:161,0
DA:163,0
DA:164,0
DA:167,0
DA:170,0
DA:171,0
DA:174,0
DA:180,0
DA:183,0
DA:186,0
DA:196,0
DA:199,0
DA:207,1
DA:209,2
DA:212,0
DA:213,0
DA:215,0
DA:217,0
DA:221,0
DA:222,0
DA:223,0
DA:227,0
DA:231,0
DA:232,0
DA:233,0
DA:236,0
DA:237,0
DA:240,0
DA:241,0
DA:246,0
DA:247,0
DA:250,0
DA:252,0
DA:254,0
DA:256,0
DA:258,0
DA:261,0
DA:267,0
DA:268,0
DA:269,0
DA:273,3
DA:276,1
DA:277,1
DA:278,1
DA:279,1
DA:283,1
DA:289,5
DA:292,0
DA:296,2
DA:297,3
DA:300,2
DA:301,2
DA:302,2
DA:303,0
DA:307,2
DA:308,3
DA:313,0
DA:314,0
DA:315,0
DA:317,0
DA:319,0
DA:320,0
DA:321,0
DA:322,0
DA:323,0
DA:325,0
DA:326,0
DA:327,0
DA:333,0
DA:334,0
DA:335,0
DA:338,0
DA:339,0
DA:340,0
DA:341,0
DA:343,0
DA:347,0
DA:348,0
DA:349,0
DA:350,0
DA:353,0
DA:355,0
DA:361,0
DA:366,0
DA:367,0
DA:368,0
DA:369,0
DA:370,0
DA:374,0
DA:377,0
DA:378,0
DA:380,0
DA:381,0
DA:382,0
DA:383,0
DA:385,0
DA:387,0
DA:388,0
DA:393,0
DA:394,0
DA:396,0
DA:399,0
DA:402,0
DA:404,0
DA:405,0
DA:406,0
DA:407,0
DA:410,0
DA:411,0
DA:412,0
DA:416,0
DA:419,0
DA:421,0
DA:425,0
DA:426,0
DA:430,0
DA:433,0
DA:434,0
DA:438,0
DA:439,0
DA:440,0
DA:444,0
DA:445,0
DA:446,0
DA:448,0
DA:453,0
DA:459,0
DA:462,0
DA:464,0
DA:465,0
DA:466,0
DA:467,0
DA:468,0
DA:470,0
DA:474,0
DA:475,0
DA:476,0
DA:477,0
DA:479,0
DA:490,0
DA:492,0
DA:493,0
DA:494,0
DA:495,0
DA:496,0
DA:503,0
DA:505,0
DA:514,0
DA:516,0
DA:517,0
DA:518,0
DA:519,0
DA:520,0
DA:522,0
DA:526,0
DA:540,0
DA:542,0
DA:546,0
DA:549,0
DA:562,0
DA:564,0
DA:577,0
DA:578,0
DA:590,0
DA:592,0
DA:598,0
DA:604,0
DA:605,0
DA:606,0
DA:607,0
DA:609,0
DA:621,0
DA:623,0
DA:624,0
DA:625,0
DA:626,0
DA:627,0
DA:633,0
DA:634,0
DA:636,0
DA:652,0
DA:654,0
DA:656,0
DA:657,0
DA:666,0
DA:667,0
DA:669,0
DA:681,0
DA:683,0
DA:685,0
DA:686,0
DA:687,0
DA:693,0
DA:697,0
DA:701,0
DA:706,0
DA:711,0
DA:712,0
DA:715,0
DA:717,0
DA:718,0
DA:719,0
DA:720,0
DA:723,0
DA:724,0
DA:725,0
DA:726,0
DA:732,0
DA:734,0
DA:738,0
DA:741,0
DA:742,0
DA:743,0
DA:750,0
DA:760,0
DA:762,0
DA:769,0
DA:771,0
DA:776,0
DA:778,0
DA:779,0
LF:274
LH:26
end_of_record
SF:lib/core/services/pay_by_square_service.dart
DA:8,1
DA:21,1
DA:36,2
DA:40,2
DA:43,1
DA:55,1
DA:57,1
DA:58,1
DA:60,1
DA:61,1
DA:62,1
DA:63,1
DA:64,3
DA:65,2
DA:67,2
DA:69,2
DA:70,0
DA:71,0
DA:73,0
DA:74,0
DA:76,1
DA:78,3
DA:80,1
DA:81,1
DA:82,2
DA:83,2
DA:84,1
DA:85,1
DA:87,1
DA:88,1
DA:89,1
DA:90,1
DA:92,1
DA:95,1
DA:96,1
DA:99,1
DA:101,1
DA:102,1
DA:103,1
DA:104,1
DA:105,1
LF:41
LH:37
end_of_record
SF:lib/features/splash/screens/splash_screen.dart
DA:10,4
DA:12,3
DA:13,3
DA:17,3
DA:19,3
DA:21,9
DA:22,15
DA:26,0
DA:28,0
DA:29,0
DA:31,0
DA:32,0
DA:34,0
DA:35,0
DA:36,0
DA:38,0
DA:41,0
DA:45,3
DA:47,9
DA:50,9
DA:51,0
DA:52,0
DA:56,3
DA:58,3
DA:60,3
DA:62,3
DA:68,3
DA:69,3
DA:70,3
DA:73,3
DA:75,3
DA:83,3
DA:87,3
DA:89,3
DA:90,3
DA:91,3
DA:99,3
DA:100,3
DA:101,3
DA:102,3
DA:104,3
DA:111,3
DA:113,3
DA:114,12
DA:115,3
DA:116,3
LF:46
LH:34
end_of_record
SF:lib/core/services/initialization_service.dart
DA:11,4
DA:17,0
DA:18,0
DA:19,0
DA:20,0
DA:21,0
DA:27,6
DA:31,0
DA:33,0
DA:34,0
DA:37,0
DA:38,0
DA:40,0
DA:43,0
DA:44,0
DA:46,0
DA:49,0
DA:50,0
DA:53,0
DA:54,0
DA:57,0
DA:61,9
DA:62,0
LF:23
LH:3
end_of_record
SF:lib/core/i18n/l10n.dart
DA:8,4
DA:16,5
DA:17,5
DA:18,5
DA:22,5
DA:23,5
DA:24,5
DA:25,5
DA:29,1
DA:30,3
DA:34,15
LF:11
LH:11
end_of_record
SF:lib/core/models/soft_delete_model.dart
DA:10,5
DA:19,2
DA:22,0
DA:23,0
DA:24,0
DA:25,0
DA:29,0
DA:30,0
DA:31,0
DA:32,0
DA:36,0
DA:37,0
DA:41,0
DA:42,0
DA:55,1
DA:56,1
DA:57,1
DA:58,1
DA:59,2
DA:60,1
DA:61,1
DA:66,0
DA:72,0
DA:73,0
DA:77,0
DA:78,0
DA:83,0
LF:27
LH:9
end_of_record
SF:lib/core/remote_config.dart
DA:6,0
DA:7,0
DA:8,0
DA:12,0
DA:14,0
DA:19,0
DA:26,0
DA:28,0
DA:32,0
DA:33,0
DA:34,0
DA:35,0
LF:12
LH:0
end_of_record
SF:lib/core/router/app_router.dart
DA:46,6
DA:47,6
DA:49,8
DA:50,4
DA:51,4
DA:52,4
DA:53,4
DA:55,2
DA:56,2
DA:58,2
DA:59,2
DA:61,2
DA:62,4
DA:65,4
DA:66,2
DA:71,2
DA:72,0
DA:76,2
DA:77,0
DA:80,2
DA:81,2
DA:85,1
DA:90,2
DA:95,4
DA:101,2
DA:102,2
DA:104,2
DA:106,2
DA:108,1
DA:110,2
DA:112,1
DA:114,2
DA:116,2
DA:117,0
DA:118,0
DA:119,0
DA:122,2
DA:124,2
DA:125,0
DA:126,0
DA:127,0
DA:130,2
DA:132,2
DA:133,0
DA:135,2
DA:137,2
DA:138,0
DA:140,2
DA:142,2
DA:143,0
DA:145,2
DA:147,2
DA:148,0
DA:149,0
DA:150,0
DA:151,0
DA:153,0
DA:158,2
DA:160,2
DA:161,0
DA:163,2
DA:165,2
DA:166,0
DA:168,2
DA:169,2
DA:170,2
DA:172,2
DA:173,2
DA:174,2
DA:175,2
DA:177,2
DA:181,2
DA:182,2
DA:183,2
DA:185,0
DA:186,2
DA:187,2
DA:189,0
DA:190,0
DA:191,0
DA:194,2
DA:196,0
DA:198,2
DA:200,0
DA:201,0
DA:202,0
DA:209,2
DA:210,2
DA:211,2
DA:213,0
DA:214,2
DA:215,2
DA:217,0
DA:219,2
DA:221,0
DA:222,0
DA:223,0
DA:226,2
DA:228,2
DA:229,0
DA:230,0
DA:231,0
DA:232,0
DA:233,0
DA:241,2
DA:242,2
DA:243,2
DA:245,0
DA:246,2
DA:247,2
DA:249,0
DA:250,0
DA:251,0
DA:252,0
DA:253,0
DA:257,2
DA:259,0
DA:261,2
DA:263,0
DA:265,2
DA:267,0
DA:269,2
DA:271,0
DA:273,2
DA:275,0
DA:281,2
DA:282,2
DA:283,2
DA:285,0
DA:286,2
DA:287,2
DA:289,0
LF:132
LH:83
end_of_record
SF:lib/features/dashboard/screens/dashboard_screen.dart
DA:30,4
DA:32,4
DA:33,4
DA:43,4
DA:45,4
DA:47,12
DA:48,4
DA:52,4
DA:53,16
DA:58,2
DA:60,3
DA:63,0
DA:64,0
DA:65,0
DA:66,0
DA:67,0
DA:68,0
DA:69,0
DA:70,0
DA:71,0
DA:77,4
DA:79,16
DA:80,12
DA:81,12
DA:82,12
DA:83,12
DA:85,4
DA:86,12
DA:87,4
DA:88,4
DA:90,4
DA:91,4
DA:92,4
DA:93,4
DA:94,12
DA:102,4
DA:104,4
DA:105,0
DA:106,0
DA:108,0
DA:109,0
DA:110,0
DA:111,0
DA:112,0
DA:117,4
DA:119,0
DA:120,0
DA:126,4
DA:127,4
DA:128,8
DA:129,16
DA:134,4
DA:135,0
DA:136,0
DA:137,0
DA:138,0
DA:139,0
DA:140,0
DA:143,4
DA:144,4
DA:146,4
DA:147,4
DA:148,4
DA:150,4
DA:151,4
DA:152,6
DA:153,16
DA:156,16
DA:158,8
DA:159,24
DA:163,8
DA:164,8
DA:165,8
DA:166,8
DA:167,4
DA:169,8
DA:170,8
DA:173,4
DA:174,8
DA:175,4
DA:176,8
DA:177,4
DA:180,8
DA:181,4
DA:182,8
DA:183,0
DA:184,8
DA:185,4
DA:187,4
DA:188,4
DA:189,4
DA:191,12
DA:193,4
DA:195,12
DA:197,4
DA:199,16
DA:201,4
DA:203,12
DA:205,4
DA:208,8
DA:209,4
DA:210,8
DA:211,4
DA:215,1
DA:218,1
DA:219,4
DA:220,5
DA:221,2
DA:222,2
DA:223,2
DA:225,3
DA:227,3
DA:228,3
DA:229,3
DA:231,3
DA:235,0
DA:236,3
DA:238,3
DA:240,3
DA:241,3
DA:244,0
DA:245,3
DA:247,3
DA:253,0
DA:255,3
DA:261,0
DA:263,3
DA:269,0
DA:271,15
DA:274,4
DA:276,12
DA:277,4
DA:278,4
DA:279,12
DA:280,0
DA:281,0
DA:282,0
DA:283,0
DA:284,0
DA:285,0
DA:286,0
DA:287,0
DA:288,0
DA:301,4
DA:303,4
DA:304,0
DA:305,0
DA:306,0
DA:307,4
DA:309,4
DA:311,0
DA:313,0
DA:315,0
DA:316,0
DA:317,0
DA:319,0
DA:320,0
DA:322,0
DA:323,0
DA:326,0
DA:327,0
DA:328,0
DA:346,4
DA:348,4
DA:350,4
DA:351,4
DA:352,4
DA:359,4
DA:360,4
DA:362,12
DA:366,4
DA:368,12
DA:371,16
DA:372,8
DA:374,4
DA:376,12
DA:379,8
DA:382,4
DA:384,8
DA:389,4
DA:391,12
DA:395,4
DA:397,12
DA:406,12
DA:407,0
DA:408,0
DA:409,0
DA:412,0
DA:413,0
DA:414,0
DA:416,0
DA:417,0
DA:418,0
DA:419,0
DA:421,0
DA:425,0
DA:438,0
DA:440,0
DA:441,0
DA:442,0
DA:444,0
DA:445,0
DA:456,0
DA:457,0
DA:458,0
DA:459,0
DA:462,0
DA:464,0
DA:471,4
DA:472,4
DA:473,8
DA:475,4
DA:476,4
DA:477,4
DA:478,4
DA:479,0
DA:480,4
DA:482,4
DA:483,4
DA:484,4
DA:486,4
DA:488,4
DA:493,4
DA:494,4
DA:496,4
DA:497,4
DA:499,12
DA:501,4
DA:503,8
DA:516,4
DA:525,4
DA:526,8
DA:528,4
DA:531,4
DA:533,4
DA:535,4
DA:536,4
DA:537,4
DA:539,4
DA:540,4
DA:541,4
DA:543,4
DA:546,4
DA:547,4
DA:549,4
DA:550,4
DA:552,12
DA:555,4
DA:557,8
DA:562,4
DA:570,12
LF:251
LH:172
end_of_record
SF:lib/features/invoices/screens/invoices_screen.dart
DA:18,4
DA:20,0
DA:21,0
DA:29,0
DA:31,0
DA:32,0
DA:33,0
DA:34,0
DA:36,0
DA:41,0
DA:42,0
DA:43,0
DA:47,0
DA:48,0
DA:49,0
DA:50,0
DA:52,0
DA:53,0
DA:54,0
DA:55,0
DA:57,0
DA:58,0
DA:65,0
DA:66,0
DA:67,0
DA:68,0
DA:69,0
DA:70,0
DA:71,0
DA:78,0
DA:80,0
DA:82,0
DA:83,0
DA:84,0
DA:85,0
DA:87,0
DA:90,0
DA:91,0
DA:92,0
DA:93,0
DA:94,0
DA:95,0
DA:98,0
DA:100,0
DA:101,0
DA:102,0
DA:103,0
DA:105,0
DA:106,0
DA:110,0
DA:111,0
DA:114,0
DA:119,0
DA:121,0
DA:122,0
DA:125,0
DA:126,0
DA:127,0
DA:128,0
DA:130,0
DA:131,0
DA:137,0
DA:138,0
DA:139,0
DA:140,0
DA:141,0
DA:143,0
DA:144,0
DA:145,0
DA:146,0
DA:147,0
DA:148,0
DA:150,0
DA:152,0
DA:153,0
DA:154,0
DA:157,0
DA:158,0
DA:159,0
DA:160,0
DA:161,0
DA:173,0
DA:175,0
DA:177,0
DA:178,0
DA:179,0
DA:181,0
DA:183,0
DA:184,0
DA:185,0
DA:186,0
DA:187,0
DA:188,0
DA:189,0
DA:191,0
DA:192,0
DA:193,0
DA:195,0
DA:198,0
DA:204,0
DA:205,0
LF:101
LH:1
end_of_record
SF:lib/features/expenses/screens/expenses_screen.dart
DA:19,0
DA:24,4
DA:26,0
DA:27,0
DA:35,0
DA:37,0
DA:38,0
DA:40,0
DA:41,0
DA:42,0
DA:43,0
DA:44,0
DA:45,0
DA:46,0
DA:48,0
DA:49,0
DA:50,0
DA:55,0
DA:56,0
DA:59,0
DA:62,0
DA:63,0
DA:64,0
DA:65,0
DA:67,0
DA:68,0
DA:71,0
DA:83,0
DA:87,0
DA:88,0
DA:89,0
DA:92,0
DA:93,0
DA:94,0
DA:95,0
DA:97,0
DA:98,0
DA:99,0
DA:101,0
DA:102,0
DA:103,0
DA:104,0
DA:106,0
DA:108,0
DA:109,0
DA:110,0
DA:113,0
DA:114,0
DA:115,0
DA:116,0
DA:117,0
DA:129,0
DA:130,0
DA:131,0
DA:133,0
DA:138,0
DA:139,0
DA:140,0
DA:151,0
DA:152,0
DA:154,0
DA:155,0
DA:158,0
DA:160,0
DA:162,0
DA:164,0
DA:165,0
DA:166,0
DA:168,0
DA:170,0
DA:171,0
DA:174,0
DA:176,0
DA:177,0
DA:178,0
DA:179,0
DA:180,0
DA:181,0
DA:182,0
DA:187,0
DA:189,0
DA:190,0
DA:191,0
DA:192,0
DA:193,0
DA:194,0
DA:195,0
DA:202,0
DA:203,0
DA:204,0
DA:210,0
DA:211,0
DA:217,0
DA:218,0
DA:219,0
DA:220,0
DA:221,0
DA:222,0
DA:225,0
DA:227,0
DA:231,0
DA:232,0
DA:233,0
DA:235,0
DA:236,0
DA:243,0
DA:245,0
DA:248,0
DA:250,0
DA:251,0
DA:255,0
DA:257,0
DA:258,0
DA:259,0
DA:260,0
DA:261,0
DA:262,0
DA:266,0
DA:268,0
DA:269,0
DA:270,0
DA:271,0
DA:275,0
DA:276,0
DA:277,0
DA:279,0
DA:280,0
DA:282,0
DA:283,0
DA:285,0
DA:286,0
DA:293,0
DA:294,0
DA:297,0
DA:303,0
DA:305,0
DA:314,0
DA:315,0
DA:316,0
DA:317,0
DA:322,0
DA:323,0
DA:324,0
DA:329,0
DA:330,0
DA:335,0
DA:336,0
DA:337,0
DA:351,0
DA:359,0
DA:361,0
DA:363,0
DA:364,0
DA:365,0
DA:366,0
DA:367,0
DA:371,0
DA:372,0
DA:373,0
DA:375,0
DA:379,0
DA:386,0
DA:388,0
DA:395,0
DA:397,0
DA:399,0
DA:409,0
DA:411,0
DA:413,0
DA:414,0
DA:416,0
DA:417,0
DA:419,0
DA:422,0
DA:423,0
DA:424,0
DA:425,0
DA:427,0
DA:428,0
DA:429,0
DA:435,0
DA:437,0
DA:438,0
DA:443,0
DA:444,0
DA:449,0
DA:452,0
DA:453,0
DA:454,0
DA:455,0
DA:457,0
DA:458,0
DA:460,0
DA:461,0
DA:462,0
DA:464,0
DA:465,0
DA:468,0
DA:471,0
DA:472,0
DA:474,0
DA:475,0
DA:476,0
DA:480,0
DA:481,0
DA:482,0
DA:485,0
DA:486,0
DA:488,0
DA:489,0
DA:491,0
DA:492,0
DA:493,0
DA:494,0
DA:520,0
DA:522,0
DA:523,0
DA:524,0
DA:528,0
DA:529,0
DA:530,0
DA:531,0
DA:532,0
DA:537,0
DA:538,0
DA:539,0
DA:540,0
LF:227
LH:1
end_of_record
SF:lib/features/expenses/screens/expense_analytics_screen.dart
DA:10,4
DA:12,0
DA:14,0
DA:22,0
DA:25,0
DA:27,0
DA:28,0
DA:30,0
DA:32,0
DA:34,0
DA:36,0
DA:37,0
DA:38,0
DA:39,0
DA:40,0
DA:51,0
DA:52,0
DA:53,0
DA:54,0
DA:59,0
DA:60,0
DA:66,0
DA:67,0
DA:74,0
DA:75,0
DA:77,0
DA:79,0
DA:81,0
DA:83,0
DA:87,0
DA:89,0
DA:90,0
DA:91,0
DA:92,0
DA:95,0
DA:97,0
DA:98,0
DA:99,0
DA:101,0
DA:102,0
DA:103,0
DA:104,0
DA:105,0
DA:106,0
DA:108,0
DA:109,0
DA:112,0
DA:113,0
DA:117,0
DA:121,0
DA:126,0
DA:128,0
DA:136,0
DA:138,0
DA:139,0
DA:140,0
DA:141,0
DA:144,0
DA:146,0
DA:147,0
DA:154,0
DA:156,0
DA:157,0
DA:158,0
DA:159,0
DA:162,0
DA:168,0
DA:169,0
DA:171,0
DA:172,0
DA:173,0
DA:177,0
DA:178,0
DA:179,0
DA:180,0
DA:186,0
DA:188,0
DA:189,0
DA:191,0
DA:196,0
DA:198,0
DA:200,0
DA:202,0
DA:203,0
DA:210,0
DA:211,0
DA:219,0
DA:220,0
DA:228,0
DA:229,0
DA:231,0
DA:232,0
DA:235,0
DA:237,0
DA:240,0
DA:241,0
DA:243,0
DA:244,0
DA:245,0
DA:248,0
DA:250,0
DA:254,0
DA:255,0
DA:256,0
DA:264,0
DA:268,0
DA:269,0
DA:270,0
DA:272,0
DA:273,0
DA:276,0
DA:277,0
DA:278,0
DA:279,0
DA:280,0
DA:281,0
DA:282,0
DA:283,0
DA:287,0
DA:289,0
DA:290,0
DA:291,0
DA:296,0
DA:299,0
DA:301,0
DA:303,0
DA:304,0
DA:306,0
DA:307,0
DA:308,0
DA:309,0
DA:312,0
DA:314,0
DA:315,0
DA:316,0
DA:317,0
DA:319,0
DA:326,0
DA:329,0
DA:330,0
DA:333,0
DA:335,0
DA:337,0
DA:338,0
DA:341,0
DA:342,0
DA:343,0
DA:345,0
DA:350,0
DA:351,0
DA:354,0
DA:355,0
DA:357,0
DA:358,0
DA:359,0
DA:365,0
DA:366,0
DA:368,0
DA:371,0
DA:373,0
DA:376,0
DA:378,0
DA:379,0
DA:380,0
DA:381,0
DA:382,0
DA:391,0
DA:393,0
DA:394,0
DA:396,0
DA:397,0
DA:399,0
DA:400,0
DA:402,0
DA:406,0
DA:408,0
DA:422,0
DA:423,0
DA:424,0
DA:425,0
DA:426,0
DA:427,0
DA:428,0
DA:429,0
DA:436,0
DA:440,0
DA:441,0
DA:442,0
DA:443,0
DA:445,0
DA:446,0
DA:449,0
DA:451,0
DA:454,0
DA:456,0
DA:457,0
DA:458,0
DA:459,0
LF:198
LH:1
end_of_record
SF:lib/features/expenses/screens/receipt_viewer_screen.dart
DA:12,0
DA:18,0
DA:20,0
DA:22,0
DA:25,0
DA:27,0
DA:28,0
DA:30,0
DA:33,0
DA:34,0
DA:39,0
DA:41,0
DA:43,0
DA:44,0
DA:46,0
DA:47,0
DA:49,0
DA:52,0
DA:53,0
DA:56,0
DA:57,0
DA:62,0
DA:64,0
DA:66,0
DA:69,0
DA:70,0
DA:72,0
DA:74,0
DA:76,0
DA:80,0
DA:81,0
DA:84,0
DA:85,0
DA:86,0
DA:87,0
DA:88,0
DA:89,0
DA:90,0
DA:92,0
DA:93,0
DA:94,0
DA:95,0
DA:96,0
DA:102,0
LF:44
LH:0
end_of_record
SF:lib/features/settings/screens/settings_screen.dart
DA:14,4
DA:16,1
DA:17,1
DA:35,1
DA:37,1
DA:39,5
DA:40,3
DA:41,3
DA:42,3
DA:43,3
DA:44,3
DA:45,3
DA:46,3
DA:49,0
DA:51,0
DA:52,0
DA:53,0
DA:54,0
DA:55,0
DA:56,0
DA:57,0
DA:58,0
DA:61,0
DA:62,0
DA:65,0
DA:66,0
DA:67,0
DA:68,0
DA:69,0
DA:70,0
DA:71,0
DA:72,0
DA:73,0
DA:76,0
DA:77,0
DA:78,0
DA:82,1
DA:83,3
DA:84,1
DA:85,0
DA:89,3
DA:91,3
DA:92,1
DA:94,1
DA:96,2
DA:97,3
DA:98,3
DA:99,4
DA:100,4
DA:102,4
DA:105,0
DA:106,0
DA:109,4
DA:113,1
DA:115,3
DA:117,1
DA:118,1
DA:120,1
DA:121,1
DA:122,0
DA:123,0
DA:125,0
DA:126,0
DA:130,3
DA:133,1
DA:134,2
DA:135,1
DA:136,1
DA:138,1
DA:139,2
DA:140,1
DA:141,1
DA:143,0
DA:146,1
DA:147,1
DA:152,1
DA:153,1
DA:154,1
DA:155,1
DA:156,1
DA:157,1
DA:159,1
DA:169,1
DA:172,1
DA:178,1
DA:179,1
DA:180,1
DA:187,1
DA:188,1
DA:192,1
DA:194,1
DA:195,0
DA:196,0
DA:197,0
DA:198,0
DA:202,1
DA:203,1
DA:204,1
DA:208,1
DA:209,1
DA:213,1
DA:214,1
DA:217,6
DA:218,0
DA:219,0
DA:221,0
DA:223,0
DA:225,0
DA:226,0
DA:228,0
DA:229,0
DA:230,0
DA:231,0
DA:232,0
DA:235,0
DA:237,0
DA:238,0
DA:239,0
DA:240,0
DA:241,0
DA:244,0
DA:246,0
DA:247,0
DA:248,0
DA:249,0
DA:250,0
DA:259,1
DA:262,0
DA:265,1
DA:266,1
DA:270,0
DA:273,1
DA:274,1
DA:278,0
DA:280,1
DA:284,0
DA:287,1
DA:288,1
DA:290,1
DA:294,1
DA:295,0
DA:296,1
DA:302,1
DA:303,0
DA:308,0
DA:309,0
DA:311,0
DA:315,0
DA:316,0
DA:317,0
DA:319,0
DA:320,0
DA:321,0
DA:328,0
DA:329,0
DA:331,0
DA:332,0
DA:336,1
DA:337,1
DA:340,1
DA:341,1
LF:161
LH:84
end_of_record
SF:lib/features/settings/screens/trash_screen.dart
DA:9,4
DA:11,0
DA:12,0
DA:19,0
DA:21,0
DA:22,0
DA:25,0
DA:26,0
DA:28,0
DA:30,0
DA:31,0
DA:34,0
DA:40,0
DA:41,0
DA:42,0
DA:43,0
DA:47,0
DA:48,0
DA:52,0
DA:53,0
DA:55,0
DA:58,0
DA:59,0
DA:60,0
DA:61,0
DA:63,0
DA:64,0
DA:68,0
DA:69,0
DA:70,0
DA:71,0
DA:74,0
DA:75,0
DA:76,0
DA:79,0
DA:80,0
DA:81,0
DA:88,0
DA:90,0
DA:92,0
DA:95,0
DA:96,0
DA:97,0
DA:98,0
DA:100,0
DA:101,0
DA:105,0
DA:106,0
DA:107,0
DA:108,0
DA:111,0
DA:112,0
DA:113,0
DA:116,0
DA:117,0
DA:118,0
DA:125,0
DA:127,0
DA:129,0
DA:131,0
DA:134,0
DA:140,0
DA:141,0
DA:144,0
DA:145,0
DA:146,0
DA:148,0
DA:149,0
DA:150,0
DA:154,0
DA:155,0
DA:158,0
DA:159,0
DA:160,0
DA:161,0
DA:162,0
DA:163,0
DA:169,0
DA:170,0
DA:171,0
DA:176,0
DA:179,0
DA:182,0
DA:183,0
DA:185,0
DA:188,0
DA:190,0
DA:192,0
DA:194,0
DA:201,0
DA:203,0
DA:205,0
DA:206,0
DA:207,0
DA:208,0
DA:209,0
DA:210,0
DA:213,0
DA:217,0
DA:219,0
DA:220,0
DA:221,0
DA:225,0
DA:226,0
DA:227,0
DA:229,0
DA:230,0
DA:233,0
DA:236,0
DA:238,0
DA:241,0
DA:243,0
DA:244,0
DA:253,0
DA:254,0
DA:255,0
DA:256,0
DA:257,0
DA:259,0
DA:261,0
DA:262,0
DA:264,0
DA:265,0
DA:266,0
DA:271,0
DA:272,0
DA:275,0
DA:279,0
DA:280,0
DA:282,0
DA:283,0
DA:284,0
DA:290,0
DA:296,0
DA:297,0
DA:298,0
DA:300,0
DA:303,0
DA:304,0
DA:305,0
DA:306,0
DA:307,0
DA:308,0
DA:311,0
DA:312,0
DA:313,0
DA:315,0
DA:316,0
DA:319,0
DA:321,0
DA:324,0
DA:332,0
DA:334,0
DA:336,0
DA:338,0
LF:155
LH:1
end_of_record
SF:lib/features/expenses/screens/expense_detail_screen.dart
DA:14,0
DA:16,0
DA:18,0
DA:19,0
DA:21,0
DA:22,0
DA:24,0
DA:25,0
DA:27,0
DA:31,0
DA:32,0
DA:34,0
DA:36,0
DA:39,0
DA:40,0
DA:41,0
DA:42,0
DA:45,0
DA:46,0
DA:47,0
DA:49,0
DA:50,0
DA:52,0
DA:53,0
DA:54,0
DA:60,0
DA:63,0
DA:64,0
DA:70,0
DA:71,0
DA:72,0
DA:74,0
DA:82,0
DA:84,0
DA:86,0
DA:87,0
DA:88,0
DA:90,0
DA:91,0
DA:92,0
DA:94,0
DA:95,0
DA:97,0
DA:99,0
DA:102,0
DA:103,0
DA:104,0
DA:107,0
DA:108,0
DA:119,0
DA:120,0
DA:121,0
DA:122,0
DA:126,0
DA:129,0
DA:130,0
DA:131,0
DA:134,0
DA:135,0
DA:136,0
DA:137,0
DA:139,0
DA:158,0
DA:160,0
DA:161,0
DA:162,0
DA:164,0
DA:165,0
DA:167,0
DA:168,0
DA:170,0
DA:176,0
DA:183,0
DA:185,0
DA:187,0
DA:191,0
DA:193,0
DA:194,0
DA:195,0
DA:197,0
DA:198,0
DA:200,0
DA:205,0
DA:206,0
DA:208,0
DA:210,0
DA:211,0
DA:212,0
DA:213,0
DA:215,0
DA:216,0
DA:217,0
DA:223,0
DA:224,0
DA:225,0
DA:226,0
DA:227,0
LF:97
LH:0
end_of_record
SF:lib/features/ai_tools/screens/ai_tools_screen.dart
DA:10,4
DA:12,1
DA:13,1
DA:24,1
DA:26,2
DA:27,2
DA:28,2
DA:29,1
DA:32,1
DA:33,2
DA:34,1
DA:35,1
DA:36,2
DA:37,2
DA:38,2
DA:41,3
DA:42,1
DA:44,1
DA:45,2
DA:46,1
DA:47,1
DA:49,3
DA:50,3
DA:51,3
DA:57,1
DA:59,1
DA:60,1
DA:61,1
DA:63,1
DA:65,1
DA:66,1
DA:69,1
DA:71,1
DA:72,1
DA:75,1
DA:76,1
DA:77,1
DA:80,1
DA:82,1
DA:83,1
DA:84,1
DA:85,1
DA:87,1
DA:93,1
DA:95,3
DA:100,1
DA:102,1
DA:105,0
DA:110,4
DA:112,1
DA:118,0
DA:120,1
DA:123,1
DA:129,0
DA:130,1
DA:133,1
DA:139,0
DA:140,1
DA:143,1
DA:149,0
DA:150,1
DA:153,1
DA:159,0
DA:161,1
DA:164,1
DA:165,1
DA:166,1
DA:167,1
DA:169,3
DA:172,1
DA:177,1
DA:178,1
DA:180,1
DA:183,1
DA:190,1
DA:191,0
DA:195,1
DA:196,1
DA:198,1
DA:200,1
DA:202,1
DA:203,1
DA:204,4
DA:206,1
DA:207,1
DA:214,1
DA:215,1
DA:222,1
DA:223,1
DA:229,1
DA:232,4
DA:235,1
DA:237,1
DA:238,0
DA:239,0
DA:240,0
DA:248,3
DA:256,1
DA:257,1
DA:259,1
DA:260,1
DA:263,1
DA:264,1
DA:265,1
DA:268,1
DA:270,1
DA:271,1
DA:273,1
DA:275,1
DA:278,0
DA:295,4
DA:298,1
DA:308,1
DA:311,1
DA:313,1
DA:314,1
DA:316,1
DA:318,1
DA:319,1
DA:320,1
DA:322,1
DA:323,1
DA:324,1
DA:326,1
DA:329,1
DA:330,1
DA:332,1
DA:333,1
DA:335,3
DA:338,1
DA:340,2
DA:350,3
LF:132
LH:121
end_of_record
SF:lib/features/ai_tools/screens/ai_email_generator_screen.dart
DA:11,0
DA:17,1
DA:19,1
DA:31,1
DA:33,1
DA:34,1
DA:35,3
DA:36,3
DA:39,1
DA:41,2
DA:42,1
DA:57,0
DA:58,0
DA:61,0
DA:66,1
DA:67,2
DA:68,1
DA:69,1
DA:72,3
DA:73,1
DA:74,1
DA:75,1
DA:76,2
DA:79,1
DA:80,2
DA:81,1
DA:82,1
DA:87,1
DA:89,1
DA:90,1
DA:91,1
DA:93,1
DA:95,1
DA:96,1
DA:97,1
DA:99,1
DA:100,1
DA:101,1
DA:102,1
DA:107,4
DA:108,1
DA:109,1
DA:110,2
DA:112,1
DA:113,0
DA:116,1
DA:117,1
DA:122,4
DA:123,1
DA:124,1
DA:125,2
DA:127,1
DA:128,0
DA:131,1
DA:132,1
DA:141,1
DA:143,1
DA:144,2
DA:145,1
DA:154,1
DA:164,2
DA:165,1
DA:167,1
DA:169,1
DA:170,1
DA:171,1
DA:173,1
DA:178,1
DA:180,0
DA:181,0
DA:182,0
DA:183,0
DA:192,2
DA:194,1
DA:196,1
DA:197,1
LF:76
LH:66
end_of_record
SF:lib/features/ai_tools/screens/ai_expense_analysis_screen.dart
DA:10,4
DA:12,0
DA:13,0
DA:21,0
DA:22,0
DA:23,0
DA:25,0
DA:28,0
DA:29,0
DA:30,0
DA:32,0
DA:36,0
DA:38,0
DA:39,0
DA:40,0
DA:42,0
DA:43,0
DA:44,0
DA:45,0
DA:47,0
DA:48,0
DA:50,0
DA:51,0
DA:58,0
DA:59,0
DA:60,0
DA:61,0
DA:68,0
DA:69,0
DA:76,0
DA:77,0
DA:78,0
DA:79,0
DA:80,0
DA:81,0
DA:83,0
DA:86,0
DA:87,0
DA:88,0
DA:91,0
DA:92,0
DA:94,0
DA:96,0
DA:97,0
DA:98,0
DA:99,0
DA:101,0
DA:102,0
DA:105,0
LF:49
LH:1
end_of_record
SF:lib/features/ai_tools/screens/ai_reminder_generator_screen.dart
DA:10,4
DA:12,0
DA:13,0
DA:25,0
DA:26,0
DA:30,0
DA:32,0
DA:38,0
DA:39,0
DA:40,0
DA:43,0
DA:47,0
DA:48,0
DA:49,0
DA:53,0
DA:55,0
DA:56,0
DA:57,0
DA:59,0
DA:61,0
DA:62,0
DA:63,0
DA:65,0
DA:68,0
DA:70,0
DA:74,0
DA:75,0
DA:81,0
DA:82,0
DA:84,0
DA:87,0
DA:88,0
DA:89,0
DA:90,0
DA:96,0
DA:98,0
DA:99,0
DA:101,0
DA:102,0
DA:104,0
DA:106,0
DA:108,0
DA:109,0
DA:110,0
DA:117,0
DA:128,0
DA:129,0
DA:130,0
LF:48
LH:1
end_of_record
SF:lib/features/ai_tools/screens/biz_bot_screen.dart
DA:13,1
DA:17,4
DA:19,1
DA:20,1
DA:29,1
DA:31,1
DA:33,3
DA:36,1
DA:40,1
DA:41,2
DA:42,2
DA:43,2
DA:44,3
DA:52,1
DA:53,3
DA:54,2
DA:56,2
DA:57,4
DA:58,2
DA:59,1
DA:61,1
DA:64,4
DA:65,1
DA:66,2
DA:67,4
DA:68,1
DA:70,1
DA:75,2
DA:77,2
DA:79,3
DA:82,0
DA:85,1
DA:86,2
DA:87,3
DA:90,1
DA:92,1
DA:94,1
DA:99,1
DA:101,1
DA:102,1
DA:103,1
DA:104,1
DA:111,1
DA:113,1
DA:114,2
DA:120,1
DA:121,1
DA:123,0
DA:127,1
DA:128,1
DA:129,1
DA:130,1
DA:131,1
DA:133,2
DA:134,1
DA:135,2
DA:136,1
DA:140,1
DA:141,1
DA:145,1
DA:151,1
DA:152,1
DA:153,1
DA:154,1
DA:157,6
DA:158,1
DA:159,1
DA:160,1
DA:161,2
DA:170,1
DA:171,1
DA:174,2
DA:175,2
DA:177,1
DA:178,1
DA:179,1
DA:184,3
DA:186,1
DA:187,1
DA:188,1
DA:189,1
DA:194,4
DA:198,1
DA:199,1
DA:201,1
DA:203,1
DA:204,1
DA:205,1
DA:211,1
DA:212,1
DA:213,1
DA:214,1
DA:215,1
DA:216,1
DA:218,1
DA:219,1
DA:221,1
DA:223,1
DA:224,0
DA:226,1
DA:228,2
DA:237,1
DA:239,1
DA:243,3
LF:104
LH:101
end_of_record
SF:lib/features/auth/screens/firebase_login_screen.dart
DA:11,4
DA:13,1
DA:14,1
DA:24,1
DA:26,1
DA:28,1
DA:31,1
DA:33,2
DA:34,2
DA:35,2
DA:36,1
DA:39,0
DA:40,0
DA:41,0
DA:45,0
DA:47,0
DA:48,0
DA:49,0
DA:51,0
DA:52,0
DA:54,0
DA:58,0
DA:59,0
DA:60,0
DA:64,0
DA:65,0
DA:69,0
DA:70,0
DA:74,0
DA:76,0
DA:77,0
DA:78,0
DA:80,0
DA:81,0
DA:83,0
DA:87,0
DA:88,0
DA:91,0
DA:92,0
DA:93,0
DA:96,0
DA:99,0
DA:100,0
DA:103,0
DA:104,0
DA:105,0
DA:107,0
DA:110,0
DA:114,0
DA:115,0
DA:117,0
DA:119,0
DA:123,0
DA:124,0
DA:125,0
DA:126,0
DA:132,0
DA:134,0
DA:136,0
DA:138,0
DA:140,0
DA:142,0
DA:144,0
DA:151,1
DA:153,1
DA:155,1
DA:157,1
DA:160,1
DA:161,1
DA:163,1
DA:165,1
DA:166,1
DA:167,1
DA:168,1
DA:169,1
DA:170,1
DA:177,1
DA:179,1
DA:181,1
DA:184,1
DA:191,1
DA:192,1
DA:193,1
DA:209,1
DA:211,1
DA:215,1
DA:222,1
DA:223,1
DA:227,1
DA:238,1
DA:239,1
DA:241,1
DA:244,1
DA:245,1
DA:248,1
DA:255,1
DA:256,1
DA:258,1
DA:261,1
DA:262,1
DA:265,1
DA:270,1
DA:272,0
DA:273,0
DA:275,0
DA:278,0
DA:279,0
DA:282,0
DA:287,1
DA:290,1
DA:293,1
DA:294,3
DA:295,1
DA:298,1
DA:299,1
DA:302,1
DA:304,1
DA:313,1
DA:314,1
DA:315,1
DA:323,1
DA:326,1
DA:327,1
DA:328,3
DA:329,1
DA:331,1
DA:333,2
DA:336,3
DA:340,1
DA:343,1
DA:346,1
DA:347,2
DA:348,1
DA:353,1
DA:355,1
DA:361,1
DA:362,2
DA:363,1
DA:364,1
DA:370,1
DA:373,1
DA:374,0
DA:375,1
DA:376,1
DA:379,1
DA:386,1
DA:389,1
DA:392,1
DA:393,1
DA:404,1
DA:407,1
DA:409,1
DA:413,1
DA:414,1
DA:415,1
DA:416,1
DA:422,1
DA:423,1
DA:426,1
DA:428,1
LF:160
LH:101
end_of_record
SF:lib/features/auth/providers/auth_repository.dart
DA:8,10
DA:9,1
DA:12,18
DA:13,0
DA:23,0
DA:24,0
DA:25,0
DA:28,0
DA:31,0
DA:32,0
DA:33,0
DA:36,0
DA:37,0
DA:39,0
DA:40,0
DA:41,0
DA:42,0
DA:43,0
DA:46,0
DA:49,0
DA:51,0
DA:53,0
DA:54,0
DA:57,0
DA:59,0
DA:60,0
DA:61,0
DA:62,0
DA:63,0
DA:64,0
DA:67,0
DA:72,0
DA:75,0
DA:76,0
DA:78,0
DA:81,0
DA:83,0
DA:87,0
DA:89,0
DA:90,0
DA:91,0
DA:92,0
DA:93,0
DA:94,0
DA:96,0
DA:103,0
DA:105,0
DA:109,0
DA:111,0
DA:112,0
DA:113,0
DA:114,0
DA:115,0
DA:116,0
DA:118,0
DA:125,0
DA:127,0
DA:133,0
DA:135,0
DA:141,0
DA:143,0
DA:144,0
DA:145,0
DA:148,0
DA:149,0
DA:153,0
DA:154,0
DA:155,0
DA:156,0
DA:157,0
DA:158,0
DA:161,0
DA:164,0
DA:169,0
DA:171,0
DA:172,0
DA:174,0
DA:175,0
DA:181,0
DA:188,0
DA:189,0
DA:190,0
DA:191,0
DA:194,0
DA:195,0
DA:196,0
LF:86
LH:3
end_of_record
SF:lib/features/intro/providers/onboarding_provider.dart
DA:5,4
DA:6,2
DA:7,0
DA:11,0
DA:12,0
DA:15,2
DA:16,4
DA:21,0
DA:23,0
DA:24,0
DA:25,0
DA:27,0
DA:31,0
DA:33,0
DA:34,0
DA:35,0
DA:37,0
DA:43,0
DA:44,0
DA:48,0
DA:52,0
DA:53,0
DA:57,0
DA:80,0
DA:82,0
DA:95,0
DA:98,0
DA:104,0
DA:107,0
DA:110,0
DA:111,0
DA:115,0
DA:119,0
DA:120,0
DA:125,0
DA:126,0
DA:127,0
DA:132,0
DA:133,0
DA:138,0
DA:139,0
DA:140,0
DA:145,0
DA:146,0
DA:151,0
DA:152,0
DA:153,0
DA:159,0
DA:164,0
DA:165,0
DA:171,0
DA:174,0
DA:180,0
DA:191,0
LF:54
LH:4
end_of_record
SF:lib/features/invoices/screens/create_invoice_screen.dart
DA:20,0
DA:22,1
DA:24,1
DA:59,1
DA:61,1
DA:62,1
DA:64,3
DA:67,2
DA:68,0
DA:69,0
DA:70,0
DA:71,0
DA:72,0
DA:74,0
DA:75,0
DA:76,0
DA:81,1
DA:83,1
DA:84,0
DA:85,0
DA:87,0
DA:91,1
DA:92,3
DA:93,3
DA:94,1
DA:98,1
DA:99,1
DA:101,2
DA:102,1
DA:106,4
DA:108,3
DA:110,1
DA:111,3
DA:113,0
DA:118,1
DA:120,0
DA:121,0
DA:122,0
DA:123,0
DA:124,0
DA:125,0
DA:126,0
DA:127,0
DA:128,0
DA:129,0
DA:133,1
DA:134,2
DA:135,1
DA:141,1
DA:143,3
DA:144,2
DA:145,2
DA:146,2
DA:147,2
DA:148,2
DA:149,2
DA:150,2
DA:151,2
DA:152,2
DA:153,1
DA:156,0
DA:157,0
DA:158,0
DA:162,0
DA:163,0
DA:164,0
DA:165,0
DA:167,0
DA:168,0
DA:171,0
DA:173,0
DA:174,0
DA:175,0
DA:177,0
DA:180,0
DA:183,0
DA:184,0
DA:185,0
DA:189,1
DA:190,5
DA:191,1
DA:192,5
DA:193,4
DA:195,0
DA:196,0
DA:197,0
DA:198,0
DA:202,0
DA:203,0
DA:204,0
DA:206,0
DA:208,0
DA:211,0
DA:213,0
DA:214,0
DA:215,0
DA:216,0
DA:217,0
DA:218,0
DA:219,0
DA:220,0
DA:221,0
DA:222,0
DA:223,0
DA:228,0
DA:231,0
DA:232,0
DA:235,0
DA:237,0
DA:238,0
DA:239,0
DA:242,0
DA:243,0
DA:248,1
DA:250,2
DA:251,2
DA:252,2
DA:253,2
DA:254,2
DA:256,3
DA:258,2
DA:259,2
DA:260,4
DA:261,2
DA:262,2
DA:263,2
DA:265,3
DA:267,2
DA:268,3
DA:275,1
DA:276,1
DA:279,1
DA:280,1
DA:289,1
DA:290,1
DA:292,2
DA:293,4
DA:294,4
DA:295,4
DA:296,4
DA:297,4
DA:299,1
DA:300,2
DA:301,3
DA:304,2
DA:305,1
DA:306,1
DA:309,2
DA:312,1
DA:313,2
DA:314,1
DA:317,1
DA:326,0
DA:327,0
DA:329,0
DA:330,0
DA:331,0
DA:334,0
DA:336,0
DA:338,0
DA:344,1
DA:346,1
DA:348,3
DA:349,1
DA:350,1
DA:353,1
DA:354,1
DA:355,1
DA:358,1
DA:359,1
DA:361,1
DA:362,1
DA:363,1
DA:364,1
DA:368,1
DA:370,1
DA:371,1
DA:374,1
DA:375,1
DA:381,1
DA:383,1
DA:384,2
DA:385,4
DA:387,1
DA:388,1
DA:390,1
DA:391,1
DA:394,1
DA:395,1
DA:396,4
DA:397,3
DA:400,1
DA:401,4
DA:402,2
DA:406,1
DA:407,1
DA:414,1
DA:415,1
DA:416,1
DA:418,1
DA:420,1
DA:421,1
DA:423,1
DA:425,1
DA:426,1
DA:428,1
DA:429,1
DA:430,4
DA:431,5
DA:433,0
DA:434,0
DA:435,0
DA:436,0
DA:437,0
DA:438,0
DA:439,0
DA:440,0
DA:441,0
DA:442,0
DA:445,1
DA:446,1
DA:450,4
DA:451,0
DA:452,0
DA:453,0
DA:455,0
DA:456,0
DA:457,0
DA:459,0
DA:464,1
DA:467,0
DA:468,0
DA:470,1
DA:471,0
DA:475,3
DA:477,1
DA:478,1
DA:479,1
DA:483,1
DA:485,1
DA:486,1
DA:487,1
DA:488,1
DA:489,1
DA:493,1
DA:494,1
DA:495,1
DA:496,1
DA:501,2
DA:503,0
DA:505,1
DA:506,1
DA:507,1
DA:511,1
DA:513,1
DA:514,0
DA:515,1
DA:516,1
DA:517,1
DA:518,3
DA:534,1
DA:535,1
DA:537,1
DA:538,1
DA:539,1
DA:540,1
DA:547,1
DA:549,1
DA:550,1
DA:551,1
DA:552,0
DA:553,1
DA:555,6
DA:560,1
DA:561,1
DA:562,0
DA:563,1
DA:565,6
DA:578,1
DA:579,1
DA:581,1
DA:583,1
DA:584,4
DA:585,1
DA:586,1
DA:588,1
DA:592,0
DA:601,1
DA:602,1
DA:604,1
DA:606,1
DA:607,1
DA:609,5
DA:610,1
DA:611,1
DA:612,1
DA:614,5
DA:615,1
DA:616,6
DA:617,2
DA:619,1
DA:621,1
DA:622,1
DA:625,1
DA:626,7
DA:627,6
DA:630,1
DA:632,0
DA:638,1
DA:640,1
DA:642,1
DA:643,3
DA:645,3
DA:647,3
DA:650,1
DA:651,1
DA:658,0
DA:660,1
DA:661,0
DA:675,0
DA:676,0
DA:689,0
DA:691,0
DA:692,0
DA:694,0
DA:695,0
DA:696,0
DA:700,0
DA:702,0
DA:705,0
DA:706,0
DA:708,0
DA:709,0
DA:710,0
DA:711,0
DA:713,0
DA:715,0
DA:716,0
DA:717,0
DA:720,0
DA:722,0
DA:731,0
DA:732,0
DA:733,0
DA:735,0
DA:736,0
DA:738,0
DA:739,0
DA:740,0
DA:749,0
DA:751,0
DA:752,0
DA:753,0
DA:754,0
DA:756,0
DA:758,0
DA:759,0
DA:760,0
DA:765,0
DA:766,0
DA:767,0
DA:769,0
DA:771,0
DA:772,0
DA:773,0
DA:783,1
DA:784,1
DA:785,1
DA:786,4
DA:788,3
LF:370
LH:217
end_of_record
SF:lib/features/invoices/screens/invoice_detail_screen.dart
DA:16,0
DA:18,0
DA:20,0
DA:21,0
DA:22,0
DA:23,0
DA:24,0
DA:25,0
DA:28,0
DA:30,0
DA:31,0
DA:32,0
DA:36,0
DA:39,0
DA:41,0
DA:42,0
DA:44,0
DA:45,0
DA:47,0
DA:48,0
DA:49,0
DA:50,0
DA:52,0
DA:56,0
DA:58,0
DA:61,0
DA:62,0
DA:65,0
DA:67,0
DA:68,0
DA:69,0
DA:70,0
DA:71,0
DA:72,0
DA:73,0
DA:77,0
DA:80,0
DA:81,0
DA:82,0
DA:83,0
DA:85,0
DA:86,0
DA:87,0
DA:89,0
DA:93,0
DA:95,0
DA:96,0
DA:98,0
DA:101,0
DA:102,0
DA:103,0
DA:105,0
DA:106,0
DA:108,0
DA:109,0
DA:110,0
DA:111,0
DA:123,0
DA:125,0
DA:127,0
DA:129,0
DA:131,0
DA:134,0
DA:135,0
DA:136,0
DA:142,0
DA:151,0
DA:152,0
DA:153,0
DA:156,0
DA:157,0
DA:165,0
DA:166,0
DA:167,0
DA:168,0
DA:170,0
DA:171,0
DA:183,0
DA:185,0
DA:186,0
DA:187,0
DA:189,0
DA:190,0
DA:195,0
DA:196,0
DA:199,0
DA:200,0
DA:201,0
DA:202,0
DA:204,0
DA:208,0
DA:209,0
DA:211,0
DA:217,0
DA:220,0
DA:222,0
DA:223,0
DA:224,0
DA:227,0
DA:228,0
DA:229,0
DA:230,0
DA:231,0
DA:232,0
DA:233,0
DA:234,0
DA:235,0
DA:242,0
DA:245,0
DA:247,0
DA:248,0
DA:249,0
DA:250,0
DA:251,0
DA:252,0
DA:261,0
DA:262,0
DA:264,0
DA:266,0
DA:267,0
DA:268,0
DA:274,0
DA:276,0
DA:278,0
DA:280,0
DA:282,0
DA:284,0
DA:289,0
DA:291,0
DA:293,0
DA:295,0
DA:297,0
DA:299,0
DA:311,0
DA:317,0
DA:319,0
DA:320,0
DA:321,0
DA:323,0
DA:324,0
DA:325,0
DA:327,0
DA:329,0
DA:330,0
LF:144
LH:0
end_of_record
SF:lib/features/invoices/screens/payment_reminders_screen.dart
DA:10,4
DA:12,1
DA:14,2
DA:15,2
DA:17,1
DA:18,1
DA:19,1
DA:20,1
DA:21,1
DA:23,1
DA:38,0
DA:40,0
DA:41,0
DA:42,0
DA:43,0
DA:44,0
DA:45,0
DA:47,0
DA:50,0
DA:52,0
DA:53,0
DA:56,0
DA:57,0
DA:60,0
DA:62,0
DA:63,0
DA:64,0
DA:66,0
DA:69,0
DA:70,0
DA:71,0
DA:72,0
DA:74,0
DA:75,0
DA:84,0
DA:86,0
DA:96,0
DA:98,0
DA:109,1
DA:110,0
LF:40
LH:11
end_of_record
SF:lib/features/invoices/screens/pdf_preview_screen.dart
DA:11,1
DA:13,1
DA:15,2
DA:16,2
DA:18,1
DA:19,1
DA:20,4
DA:22,1
DA:23,0
DA:24,0
DA:28,0
DA:30,1
DA:31,0
DA:32,0
LF:14
LH:9
end_of_record
SF:lib/features/tax/screens/cashflow_analytics_screen.dart
DA:11,4
DA:13,1
DA:15,2
DA:16,2
DA:18,1
DA:19,1
DA:22,2
DA:24,1
DA:26,1
DA:28,1
DA:29,2
DA:30,1
DA:32,2
DA:34,2
DA:35,1
DA:42,1
DA:44,1
DA:45,1
DA:47,1
DA:51,1
DA:53,1
DA:54,1
DA:57,1
DA:58,1
DA:65,1
DA:66,1
DA:68,1
DA:77,5
DA:84,1
DA:89,1
DA:91,1
DA:92,1
DA:94,1
DA:102,1
DA:104,2
DA:105,1
DA:107,1
DA:108,1
DA:109,2
DA:110,1
DA:111,2
DA:117,1
DA:118,1
DA:119,1
DA:121,1
DA:125,1
DA:127,1
DA:128,1
DA:129,1
DA:130,1
DA:137,1
DA:144,1
DA:151,1
DA:168,1
DA:170,1
DA:171,1
DA:172,1
DA:174,1
DA:175,1
DA:176,2
DA:177,1
DA:180,1
DA:182,1
DA:183,1
DA:185,1
DA:188,1
DA:189,2
DA:190,1
DA:194,1
DA:199,1
DA:200,1
DA:202,1
DA:209,1
DA:210,1
DA:211,1
DA:212,1
DA:214,1
LF:77
LH:77
end_of_record
SF:lib/features/intro/screens/modern_onboarding_screen.dart
DA:11,4
DA:13,1
DA:14,1
DA:55,1
DA:57,1
DA:58,3
DA:59,4
DA:63,1
DA:65,2
DA:66,1
DA:69,0
DA:70,0
DA:71,0
DA:76,0
DA:80,0
DA:81,0
DA:88,0
DA:89,0
DA:90,0
DA:92,0
DA:93,0
DA:97,1
DA:99,1
DA:101,1
DA:103,1
DA:105,1
DA:106,1
DA:107,1
DA:109,0
DA:110,0
DA:112,2
DA:113,2
DA:114,2
DA:115,1
DA:116,0
DA:117,0
DA:120,1
DA:124,1
DA:126,1
DA:127,1
DA:130,1
DA:131,1
DA:132,1
DA:138,1
DA:140,1
DA:142,1
DA:143,1
DA:145,1
DA:146,2
DA:147,2
DA:148,2
DA:149,2
DA:154,1
DA:155,1
DA:156,3
DA:157,1
DA:158,1
DA:159,1
DA:161,2
DA:165,0
DA:168,1
DA:169,1
DA:170,1
DA:174,1
DA:175,1
DA:179,1
DA:180,5
DA:198,1
DA:210,1
DA:212,1
DA:214,1
DA:215,1
DA:217,1
DA:218,2
DA:228,1
DA:229,2
DA:230,1
DA:232,1
DA:238,1
DA:240,1
DA:248,1
DA:249,2
DA:250,1
DA:251,3
DA:252,0
DA:253,0
DA:254,0
DA:255,0
DA:256,0
DA:257,0
DA:259,0
DA:260,0
DA:261,0
DA:262,0
DA:264,0
DA:265,0
DA:271,1
DA:273,1
DA:275,1
DA:276,1
DA:279,1
DA:280,1
DA:281,1
DA:290,1
DA:292,1
DA:294,1
DA:305,0
DA:309,0
DA:311,0
DA:313,0
DA:314,0
DA:322,0
DA:330,0
DA:331,0
DA:358,0
DA:360,0
DA:362,0
DA:364,0
DA:365,0
DA:366,0
DA:368,0
DA:369,0
DA:370,0
DA:373,0
DA:374,0
DA:375,0
DA:376,0
DA:379,0
DA:381,0
DA:382,0
DA:383,0
DA:385,0
DA:386,0
DA:387,0
DA:389,0
DA:390,0
DA:391,0
DA:396,0
DA:397,0
DA:399,0
DA:400,0
DA:401,0
DA:402,0
DA:409,0
DA:410,0
DA:411,0
DA:413,0
DA:420,0
DA:431,0
DA:439,0
DA:447,0
DA:449,0
DA:451,0
DA:452,0
DA:453,0
DA:457,0
DA:458,0
DA:459,0
DA:460,0
DA:461,0
DA:462,0
DA:468,0
DA:470,0
DA:472,0
DA:474,0
DA:475,0
DA:476,0
DA:477,0
DA:483,0
DA:485,0
DA:495,0
DA:497,0
DA:499,0
DA:511,0
DA:515,0
DA:517,0
DA:519,0
DA:521,0
DA:522,0
DA:523,0
DA:524,0
DA:530,0
DA:532,0
DA:539,0
DA:541,0
DA:544,0
DA:548,0
DA:550,0
DA:552,0
DA:556,0
DA:557,0
DA:567,0
DA:571,0
DA:573,0
DA:575,0
DA:577,0
DA:579,0
DA:580,0
DA:581,0
DA:582,0
DA:588,0
DA:590,0
DA:591,0
DA:593,0
DA:594,0
DA:595,0
DA:602,0
DA:604,0
DA:605,0
DA:606,0
DA:620,0
DA:621,0
DA:627,0
DA:628,0
DA:629,0
DA:631,0
DA:635,0
DA:636,0
DA:637,0
DA:638,0
DA:639,0
DA:641,0
DA:643,0
DA:644,0
DA:645,0
DA:646,0
DA:651,0
DA:652,0
DA:656,0
DA:657,0
DA:667,0
DA:668,0
DA:670,0
DA:671,0
DA:672,0
DA:681,0
DA:682,0
DA:705,0
DA:706,0
DA:707,0
DA:708,0
DA:709,0
DA:715,0
DA:717,0
DA:718,0
DA:719,0
DA:720,0
DA:721,0
DA:724,0
DA:726,0
DA:727,0
DA:728,0
DA:731,0
DA:732,0
DA:733,0
DA:742,0
DA:744,0
DA:746,0
DA:752,0
DA:754,0
DA:755,0
DA:756,0
DA:758,0
DA:759,0
DA:760,0
DA:762,0
DA:763,0
DA:769,0
DA:770,0
DA:771,0
DA:788,1
DA:796,1
DA:798,1
DA:800,1
DA:802,1
DA:803,1
DA:805,1
DA:807,1
DA:808,1
DA:828,1
LF:280
LH:88
end_of_record
SF:lib/features/invoices/models/invoice_model.dart
DA:9,0
DA:11,0
DA:13,0
DA:15,0
DA:17,0
DA:19,0
DA:24,0
DA:26,0
DA:28,0
DA:30,0
DA:32,0
DA:34,0
DA:45,3
DA:52,1
DA:58,1
DA:60,1
DA:66,4
DA:67,2
DA:68,4
DA:69,2
DA:70,1
DA:71,3
DA:72,4
DA:73,0
DA:76,0
DA:77,0
DA:80,1
DA:83,2
DA:86,1
DA:87,1
DA:88,2
DA:89,2
DA:90,2
DA:94,0
DA:95,0
DA:96,0
DA:97,0
DA:102,1
DA:103,1
DA:104,1
DA:105,1
DA:106,1
DA:107,1
DA:131,5
DA:157,0
DA:158,0
DA:159,0
DA:160,0
DA:162,0
DA:163,0
DA:164,0
DA:165,0
DA:170,0
DA:195,0
DA:196,0
DA:197,0
DA:198,0
DA:201,0
DA:202,0
DA:203,0
DA:204,0
DA:205,0
DA:206,0
DA:207,0
DA:208,0
DA:209,0
DA:210,0
DA:211,0
DA:212,0
DA:213,0
DA:214,0
DA:215,0
DA:216,0
DA:217,0
DA:221,1
DA:222,1
DA:224,1
DA:225,1
DA:226,2
DA:227,0
DA:228,1
DA:229,0
DA:231,1
DA:232,1
DA:233,1
DA:234,1
DA:235,1
DA:236,1
DA:237,1
DA:238,2
DA:239,2
DA:240,1
DA:241,3
DA:242,1
DA:243,0
DA:244,2
DA:245,1
DA:246,4
DA:247,0
DA:249,1
DA:250,1
DA:251,1
DA:252,1
DA:253,0
DA:255,1
DA:256,1
DA:260,1
DA:262,1
DA:263,1
DA:264,2
DA:265,2
DA:266,2
DA:267,2
DA:268,2
DA:269,2
DA:270,3
DA:271,3
DA:272,6
DA:273,2
DA:274,3
DA:275,2
DA:276,2
DA:277,2
DA:278,2
DA:279,2
DA:280,2
DA:285,1
DA:286,1
LF:128
LH:74
end_of_record
SF:lib/features/expenses/models/expense_model.dart
DA:21,4
DA:34,3
DA:36,1
DA:37,1
DA:39,1
DA:40,1
DA:41,1
DA:42,2
DA:43,2
DA:44,2
DA:45,1
DA:46,1
DA:47,2
DA:48,0
DA:49,1
DA:50,1
DA:51,0
DA:53,1
DA:57,1
DA:58,1
DA:59,1
DA:60,1
DA:61,1
DA:62,1
DA:63,2
DA:64,2
DA:65,1
DA:66,1
DA:67,1
DA:68,1
DA:69,1
DA:73,0
DA:87,0
DA:88,0
DA:89,0
DA:90,0
DA:91,0
DA:92,0
DA:93,0
DA:94,0
DA:96,0
DA:97,0
DA:98,0
DA:99,0
DA:100,0
LF:45
LH:29
end_of_record
SF:lib/features/expenses/screens/create_expense_screen.dart
DA:22,0
DA:24,0
DA:26,0
DA:42,0
DA:44,0
DA:45,0
DA:46,0
DA:47,0
DA:50,0
DA:51,0
DA:55,0
DA:58,0
DA:59,0
DA:60,0
DA:63,0
DA:64,0
DA:65,0
DA:67,0
DA:68,0
DA:69,0
DA:70,0
DA:73,0
DA:74,0
DA:81,0
DA:83,0
DA:84,0
DA:86,0
DA:87,0
DA:91,0
DA:93,0
DA:94,0
DA:95,0
DA:96,0
DA:99,0
DA:100,0
DA:101,0
DA:102,0
DA:105,0
DA:107,0
DA:109,0
DA:110,0
DA:112,0
DA:113,0
DA:114,0
DA:117,0
DA:118,0
DA:120,0
DA:121,0
DA:126,0
DA:129,0
DA:130,0
DA:132,0
DA:133,0
DA:134,0
DA:135,0
DA:137,0
DA:138,0
DA:140,0
DA:141,0
DA:144,0
DA:145,0
DA:150,0
DA:152,0
DA:153,0
DA:154,0
DA:155,0
DA:156,0
DA:158,0
DA:159,0
DA:162,0
DA:166,0
DA:167,0
DA:168,0
DA:170,0
DA:171,0
DA:172,0
DA:174,0
DA:175,0
DA:176,0
DA:177,0
DA:178,0
DA:179,0
DA:180,0
DA:182,0
DA:192,0
DA:193,0
DA:195,0
DA:196,0
DA:200,0
DA:203,0
DA:204,0
DA:207,0
DA:208,0
DA:210,0
DA:212,0
DA:217,0
DA:220,0
DA:221,0
DA:223,0
DA:224,0
DA:225,0
DA:226,0
DA:227,0
DA:230,0
DA:232,0
DA:235,0
DA:238,0
DA:239,0
DA:240,0
DA:243,0
DA:245,0
DA:246,0
DA:249,0
DA:250,0
DA:253,0
DA:254,0
DA:255,0
DA:261,0
DA:263,0
DA:264,0
DA:266,0
DA:267,0
DA:268,0
DA:269,0
DA:279,0
DA:280,0
DA:281,0
DA:283,0
DA:285,0
DA:286,0
DA:290,0
DA:291,0
DA:292,0
DA:293,0
DA:294,0
DA:295,0
DA:299,0
DA:300,0
DA:302,0
DA:306,0
DA:308,0
DA:311,0
DA:314,0
DA:316,0
DA:323,0
DA:326,0
DA:327,0
DA:332,0
DA:333,0
DA:338,0
DA:341,0
DA:344,0
DA:346,0
DA:347,0
DA:348,0
DA:350,0
DA:379,0
DA:381,0
DA:382,0
DA:385,0
DA:390,0
DA:391,0
DA:400,0
DA:401,0
DA:402,0
DA:406,0
DA:408,0
DA:409,0
DA:413,0
DA:415,0
DA:417,0
DA:418,0
DA:419,0
DA:420,0
DA:421,0
DA:422,0
DA:425,0
DA:426,0
DA:428,0
DA:429,0
DA:435,0
DA:436,0
DA:437,0
DA:445,0
DA:446,0
DA:447,0
DA:450,0
DA:451,0
DA:453,0
DA:454,0
DA:455,0
DA:457,0
DA:458,0
DA:459,0
DA:460,0
DA:461,0
DA:462,0
DA:463,0
DA:464,0
DA:472,0
DA:475,0
DA:476,0
DA:484,0
DA:487,0
DA:488,0
DA:489,0
DA:490,0
DA:492,0
DA:493,0
DA:494,0
DA:497,0
DA:498,0
DA:501,0
DA:502,0
DA:503,0
DA:505,0
DA:510,0
DA:511,0
DA:512,0
DA:513,0
DA:514,0
DA:518,0
DA:519,0
DA:524,0
DA:525,0
DA:526,0
DA:527,0
DA:529,0
DA:532,0
DA:534,0
DA:536,0
DA:538,0
DA:539,0
DA:544,0
DA:545,0
DA:546,0
DA:550,0
DA:570,0
DA:572,0
DA:573,0
DA:574,0
DA:578,0
LF:242
LH:0
end_of_record
SF:lib/features/expenses/screens/voice_expense_screen.dart
DA:15,4
DA:17,0
DA:18,0
DA:32,0
DA:34,0
DA:35,0
DA:38,0
DA:39,0
DA:44,0
DA:47,0
DA:48,0
DA:53,0
DA:55,0
DA:56,0
DA:59,0
DA:60,0
DA:61,0
DA:63,0
DA:66,0
DA:67,0
DA:68,0
DA:69,0
DA:70,0
DA:75,0
DA:76,0
DA:77,0
DA:78,0
DA:81,0
DA:83,0
DA:84,0
DA:85,0
DA:88,0
DA:89,0
DA:90,0
DA:92,0
DA:93,0
DA:97,0
DA:99,0
DA:100,0
DA:102,0
DA:104,0
DA:105,0
DA:106,0
DA:107,0
DA:110,0
DA:111,0
DA:114,0
DA:115,0
DA:116,0
DA:120,0
DA:121,0
DA:123,0
DA:126,0
DA:130,0
DA:131,0
DA:132,0
DA:133,0
DA:134,0
DA:135,0
DA:136,0
DA:137,0
DA:138,0
DA:139,0
DA:143,0
DA:145,0
DA:147,0
DA:148,0
DA:151,0
DA:152,0
DA:153,0
DA:154,0
DA:157,0
DA:158,0
DA:159,0
DA:163,0
DA:164,0
DA:165,0
DA:166,0
DA:167,0
DA:168,0
DA:172,0
DA:173,0
DA:174,0
DA:177,0
DA:179,0
DA:181,0
DA:186,0
DA:187,0
DA:188,0
DA:189,0
DA:190,0
DA:192,0
DA:197,0
DA:198,0
DA:200,0
DA:201,0
DA:202,0
DA:203,0
DA:205,0
DA:206,0
DA:214,0
DA:215,0
DA:216,0
DA:217,0
DA:218,0
DA:219,0
DA:220,0
DA:221,0
DA:222,0
DA:223,0
DA:224,0
DA:225,0
DA:226,0
DA:227,0
DA:231,0
DA:232,0
DA:233,0
DA:235,0
DA:236,0
DA:239,0
DA:240,0
DA:250,0
DA:252,0
DA:258,0
DA:260,0
DA:261,0
DA:271,0
DA:272,0
DA:273,0
DA:275,0
DA:276,0
DA:277,0
DA:278,0
DA:279,0
DA:280,0
DA:281,0
DA:284,0
DA:285,0
DA:298,0
DA:300,0
DA:305,0
DA:307,0
DA:308,0
DA:309,0
DA:311,0
DA:312,0
DA:313,0
DA:322,0
DA:323,0
DA:324,0
DA:326,0
DA:335,0
DA:337,0
DA:342,0
DA:344,0
DA:345,0
DA:346,0
DA:348,0
DA:349,0
DA:350,0
DA:359,0
DA:360,0
DA:362,0
DA:363,0
DA:365,0
DA:367,0
DA:368,0
DA:369,0
DA:370,0
DA:376,0
DA:378,0
DA:385,0
DA:387,0
DA:392,0
DA:394,0
DA:395,0
DA:396,0
DA:397,0
DA:398,0
DA:399,0
DA:401,0
DA:407,0
DA:408,0
DA:409,0
DA:410,0
DA:426,0
DA:427,0
DA:428,0
DA:430,0
DA:432,0
DA:433,0
DA:434,0
DA:435,0
DA:436,0
DA:437,0
DA:438,0
DA:439,0
DA:441,0
DA:442,0
DA:448,0
DA:449,0
DA:451,0
DA:453,0
DA:454,0
DA:456,0
DA:458,0
DA:461,0
DA:463,0
DA:473,0
DA:474,0
DA:475,0
DA:477,0
DA:486,0
DA:488,0
DA:497,0
DA:498,0
DA:499,0
DA:501,0
DA:508,0
DA:510,0
DA:515,0
DA:517,0
DA:518,0
DA:524,0
DA:525,0
DA:526,0
DA:538,0
DA:539,0
DA:542,0
DA:543,0
DA:544,0
DA:548,0
DA:549,0
DA:571,0
DA:572,0
LF:235
LH:1
end_of_record
SF:lib/features/bank_import/screens/bank_import_screen.dart
DA:15,4
DA:17,0
DA:19,0
DA:21,0
DA:22,0
DA:24,0
DA:25,0
DA:27,0
DA:28,0
DA:30,0
DA:35,0
DA:37,0
DA:39,0
DA:40,0
DA:42,0
DA:43,0
DA:44,0
DA:50,0
DA:51,0
DA:52,0
DA:53,0
DA:54,0
DA:58,0
DA:61,0
DA:62,0
DA:71,0
DA:72,0
DA:74,0
DA:75,0
DA:77,0
DA:79,0
DA:81,0
DA:82,0
DA:85,0
DA:95,0
DA:96,0
DA:100,0
DA:104,0
DA:105,0
DA:106,0
DA:107,0
DA:108,0
DA:110,0
DA:111,0
DA:112,0
DA:116,0
DA:119,0
DA:121,0
DA:122,0
DA:123,0
DA:124,0
DA:126,0
DA:127,0
DA:128,0
DA:129,0
DA:130,0
LF:56
LH:1
end_of_record
SF:lib/features/export/screens/export_screen.dart
DA:18,0
DA:21,0
DA:22,0
DA:28,0
DA:29,0
DA:30,0
DA:31,0
DA:32,0
DA:35,0
DA:36,0
DA:37,0
DA:38,0
DA:39,0
DA:42,0
DA:43,0
DA:44,0
DA:45,0
DA:46,0
DA:47,0
DA:48,0
DA:51,0
DA:53,0
DA:54,0
DA:55,0
DA:57,0
DA:58,0
DA:59,0
DA:63,0
DA:64,0
DA:66,0
DA:67,0
DA:68,0
DA:69,0
DA:70,0
DA:71,0
DA:72,0
DA:73,0
DA:74,0
DA:77,0
DA:78,0
DA:79,0
DA:81,0
DA:82,0
DA:84,0
DA:85,0
DA:86,0
DA:87,0
DA:89,0
DA:90,0
DA:92,0
DA:94,0
DA:95,0
DA:97,0
DA:99,0
DA:100,0
DA:106,0
DA:107,0
DA:109,0
DA:110,0
DA:111,0
DA:112,0
DA:115,0
DA:117,0
DA:118,0
DA:120,0
DA:121,0
DA:123,0
DA:129,0
DA:130,0
DA:131,0
DA:133,0
DA:134,0
DA:135,0
DA:137,0
DA:138,0
DA:139,0
DA:141,0
DA:143,0
DA:146,0
DA:147,0
DA:148,0
DA:149,0
DA:151,0
DA:152,0
DA:153,0
DA:158,0
DA:160,0
DA:163,0
DA:165,0
DA:166,0
DA:172,0
DA:174,0
DA:175,0
DA:177,0
DA:179,0
DA:180,0
DA:181,0
DA:187,0
DA:189,0
DA:190,0
DA:192,0
DA:193,0
DA:194,0
DA:196,0
DA:197,0
DA:207,0
DA:208,0
DA:209,0
DA:210,0
DA:211,0
DA:212,0
DA:213,0
DA:217,0
DA:227,0
DA:229,0
DA:232,0
DA:233,0
DA:236,0
LF:118
LH:0
end_of_record
SF:lib/features/legal/screens/terms_and_conditions_screen.dart
DA:6,4
DA:8,0
DA:10,0
DA:11,0
DA:14,0
DA:16,0
DA:18,0
DA:19,0
DA:21,0
DA:28,0
DA:30,0
DA:36,0
DA:40,0
DA:44,0
DA:48,0
DA:52,0
DA:56,0
DA:60,0
DA:65,0
DA:67,0
DA:68,0
DA:69,0
DA:70,0
DA:72,0
DA:73,0
DA:80,0
DA:81,0
DA:83,0
DA:98,0
DA:99,0
DA:101,0
DA:103,0
DA:104,0
DA:106,0
DA:113,0
DA:115,0
LF:36
LH:1
end_of_record
SF:lib/features/legal/screens/privacy_policy_screen.dart
DA:6,4
DA:8,0
DA:10,0
DA:11,0
DA:14,0
DA:16,0
DA:18,0
DA:19,0
DA:21,0
DA:28,0
DA:30,0
DA:36,0
DA:40,0
DA:44,0
DA:48,0
DA:52,0
DA:56,0
DA:60,0
DA:64,0
DA:68,0
DA:72,0
DA:76,0
DA:81,0
DA:83,0
DA:84,0
DA:85,0
DA:86,0
DA:88,0
DA:89,0
DA:96,0
DA:97,0
DA:99,0
DA:114,0
DA:115,0
DA:117,0
DA:119,0
DA:120,0
DA:122,0
DA:129,0
DA:131,0
LF:40
LH:1
end_of_record
SF:lib/features/tools/screens/ico_lookup_screen.dart
DA:15,0
DA:17,0
DA:18,0
DA:19,0
DA:21,0
DA:24,0
DA:26,0
DA:35,4
DA:37,0
DA:38,0
DA:45,0
DA:46,0
DA:47,0
DA:48,0
DA:49,0
DA:51,0
DA:53,0
DA:54,0
DA:55,0
DA:57,0
DA:58,0
DA:62,0
DA:68,0
DA:70,0
DA:71,0
DA:72,0
DA:74,0
DA:75,0
DA:76,0
DA:79,0
DA:81,0
DA:83,0
DA:84,0
DA:86,0
DA:92,0
DA:94,0
DA:99,0
DA:100,0
DA:101,0
DA:102,0
DA:103,0
DA:104,0
DA:105,0
DA:106,0
DA:112,0
DA:113,0
DA:116,0
DA:117,0
DA:121,0
DA:122,0
DA:125,0
DA:132,0
DA:139,0
DA:140,0
DA:142,0
DA:144,0
DA:145,0
DA:147,0
DA:148,0
DA:150,0
DA:152,0
DA:158,0
DA:160,0
DA:161,0
DA:162,0
DA:173,0
DA:174,0
DA:175,0
DA:177,0
DA:178,0
DA:180,0
DA:182,0
DA:183,0
DA:185,0
DA:186,0
DA:188,0
DA:189,0
DA:190,0
DA:192,0
DA:193,0
DA:194,0
DA:195,0
DA:201,0
DA:202,0
DA:203,0
DA:209,0
DA:210,0
DA:211,0
DA:218,0
DA:219,0
DA:220,0
DA:223,0
DA:224,0
DA:225,0
DA:227,0
DA:228,0
DA:229,0
DA:230,0
DA:236,0
DA:238,0
DA:240,0
DA:241,0
DA:242,0
DA:243,0
DA:245,0
DA:247,0
DA:248,0
DA:249,0
DA:252,0
DA:254,0
DA:261,0
DA:262,0
DA:263,0
DA:264,0
DA:269,0
DA:270,0
DA:271,0
DA:274,0
DA:275,0
DA:276,0
DA:284,0
DA:286,0
DA:288,0
DA:289,0
DA:290,0
DA:291,0
DA:292,0
DA:293,0
DA:294,0
DA:296,0
DA:297,0
DA:298,0
DA:299,0
DA:300,0
DA:301,0
DA:311,0
DA:312,0
DA:314,0
DA:315,0
DA:317,0
DA:328,0
DA:331,0
DA:332,0
DA:334,0
DA:337,0
DA:338,0
DA:339,0
DA:340,0
DA:342,0
DA:343,0
DA:346,0
DA:348,0
DA:359,0
DA:361,0
DA:362,0
DA:368,0
DA:371,0
DA:372,0
DA:374,0
DA:377,0
DA:378,0
DA:379,0
DA:380,0
DA:382,0
DA:383,0
DA:386,0
DA:388,0
DA:390,0
DA:394,0
DA:397,0
DA:399,0
DA:401,0
DA:403,0
DA:404,0
DA:405,0
DA:407,0
DA:408,0
DA:409,0
DA:411,0
DA:416,0
DA:417,0
DA:419,0
DA:420,0
DA:421,0
DA:422,0
DA:429,0
DA:432,0
DA:433,0
DA:434,0
DA:436,0
DA:437,0
DA:440,0
DA:442,0
DA:450,0
DA:451,0
DA:452,0
DA:454,0
DA:455,0
DA:464,0
DA:467,0
DA:475,0
DA:476,0
DA:477,0
DA:478,0
DA:479,0
DA:480,0
DA:484,0
DA:486,0
DA:487,0
DA:488,0
DA:489,0
DA:491,0
DA:492,0
DA:493,0
DA:495,0
DA:496,0
DA:498,0
DA:499,0
DA:500,0
DA:501,0
DA:507,0
DA:509,0
LF:222
LH:1
end_of_record
SF:lib/features/tools/screens/watched_companies_screen.dart
DA:9,4
DA:11,0
DA:13,0
DA:14,0
DA:16,0
DA:17,0
DA:18,0
DA:23,0
DA:24,0
DA:26,0
DA:27,0
DA:29,0
DA:30,0
DA:32,0
DA:38,0
DA:39,0
DA:47,0
DA:48,0
DA:49,0
DA:50,0
DA:51,0
DA:52,0
DA:53,0
DA:54,0
DA:56,0
DA:60,0
DA:62,0
DA:63,0
DA:64,0
DA:66,0
DA:67,0
DA:71,0
DA:72,0
DA:80,0
DA:82,0
DA:83,0
DA:84,0
DA:85,0
DA:88,0
DA:89,0
DA:90,0
DA:91,0
DA:92,0
DA:94,0
DA:96,0
DA:97,0
DA:98,0
DA:100,0
DA:102,0
LF:49
LH:1
end_of_record
SF:lib/shared/widgets/scaffold_with_navbar.dart
DA:7,2
DA:14,0
DA:15,0
DA:17,0
DA:21,2
DA:23,6
DA:24,2
DA:27,2
DA:28,4
DA:29,2
DA:31,2
DA:63,0
DA:64,0
DA:65,0
DA:66,0
DA:67,0
DA:69,0
DA:75,0
DA:76,0
DA:77,0
DA:79,0
DA:81,0
DA:86,2
DA:87,2
DA:88,2
DA:90,2
DA:91,4
DA:92,2
DA:94,4
DA:95,4
DA:96,6
DA:97,2
DA:98,2
DA:99,4
DA:100,2
DA:104,0
DA:105,0
DA:106,0
DA:107,0
DA:108,0
DA:109,0
DA:110,0
DA:112,0
DA:114,0
DA:115,0
DA:120,0
DA:121,0
DA:122,0
DA:123,0
DA:128,2
DA:129,4
LF:51
LH:23
end_of_record
SF:lib/shared/widgets/biz_auth_required.dart
DA:5,4
DA:9,1
DA:11,1
DA:12,1
DA:13,1
DA:14,1
DA:16,1
DA:18,1
DA:21,1
DA:23,4
DA:29,1
DA:30,1
DA:35,1
DA:37,1
DA:38,2
LF:15
LH:15
end_of_record
SF:lib/core/services/ai_ocr_service.dart
DA:7,0
DA:8,0
DA:13,0
DA:15,0
DA:26,0
DA:29,0
DA:30,0
DA:32,0
DA:33,0
DA:34,0
DA:35,0
DA:40,0
LF:12
LH:0
end_of_record
SF:lib/core/services/ocr_service.dart
DA:7,3
DA:8,0
DA:18,2
DA:32,0
DA:33,0
DA:34,0
DA:35,0
DA:36,0
DA:38,0
DA:41,0
DA:44,0
DA:48,0
DA:58,0
DA:60,0
DA:63,0
DA:64,0
DA:65,0
DA:67,0
DA:69,0
DA:74,1
DA:79,1
DA:82,1
DA:87,1
DA:90,1
DA:92,2
DA:94,1
DA:96,2
DA:101,1
DA:104,1
DA:109,1
DA:111,1
DA:122,1
DA:131,0
DA:132,0
LF:34
LH:15
end_of_record
SF:lib/core/services/analytics_service.dart
DA:4,4
DA:5,2
DA:10,2
DA:13,1
DA:14,2
DA:16,0
DA:21,0
DA:22,0
DA:25,0
DA:26,0
DA:29,0
DA:30,0
DA:37,0
DA:38,0
DA:41,0
DA:42,0
DA:46,0
DA:47,0
DA:50,1
DA:51,1
DA:54,0
DA:55,0
DA:58,0
DA:59,0
DA:63,0
DA:64,0
DA:67,0
DA:68,0
DA:72,0
DA:73,0
LF:30
LH:7
end_of_record
SF:lib/core/services/expense_parser_service.dart
DA:12,0
DA:21,0
DA:22,0
DA:23,0
DA:24,0
DA:25,0
DA:26,0
DA:27,0
DA:28,0
DA:29,0
DA:30,0
DA:34,0
DA:35,0
DA:36,0
DA:37,0
DA:38,0
DA:39,0
DA:40,0
DA:41,0
DA:45,0
DA:47,0
DA:54,0
DA:56,0
DA:57,0
DA:60,0
DA:71,0
DA:74,0
DA:81,0
DA:85,0
DA:88,0
DA:89,0
DA:93,0
DA:94,0
DA:96,0
DA:102,0
DA:104,0
DA:107,0
DA:110,0
DA:113,0
DA:120,0
DA:121,0
DA:122,0
DA:125,0
DA:126,0
DA:127,0
DA:128,0
DA:133,0
DA:137,0
DA:162,0
DA:163,0
DA:164,0
DA:165,0
DA:166,0
DA:171,0
DA:172,0
DA:173,0
LF:56
LH:0
end_of_record
SF:lib/core/services/export_service.dart
DA:18,0
DA:40,0
DA:68,0
DA:72,0
DA:78,0
DA:79,0
DA:81,0
DA:86,0
DA:87,0
DA:88,0
DA:89,0
DA:90,0
DA:92,0
DA:93,0
DA:96,0
DA:97,0
DA:98,0
DA:99,0
DA:102,0
DA:103,0
DA:104,0
DA:105,0
DA:106,0
DA:109,0
DA:110,0
DA:111,0
DA:112,0
DA:115,0
DA:116,0
DA:119,0
DA:120,0
DA:121,0
DA:124,0
DA:125,0
DA:126,0
DA:127,0
DA:130,0
DA:131,0
DA:134,0
DA:136,0
DA:137,0
DA:138,0
DA:141,0
DA:142,0
DA:143,0
DA:144,0
DA:145,0
DA:146,0
DA:151,0
DA:155,0
DA:156,0
DA:158,0
DA:159,0
DA:160,0
DA:163,0
DA:166,0
DA:168,0
DA:171,0
DA:172,0
DA:173,0
DA:174,0
DA:175,0
DA:176,0
DA:180,0
DA:181,0
DA:182,0
DA:183,0
DA:184,0
DA:187,0
DA:188,0
DA:189,0
DA:190,0
DA:191,0
DA:194,0
DA:195,0
DA:196,0
DA:199,0
DA:201,0
DA:202,0
DA:203,0
DA:206,0
DA:209,0
DA:210,0
DA:213,0
DA:216,0
DA:220,0
DA:221,0
DA:222,0
DA:223,0
DA:224,0
DA:225,0
DA:226,0
DA:227,0
DA:228,0
DA:229,0
DA:232,0
DA:235,0
DA:236,0
DA:237,0
DA:238,0
DA:239,0
DA:240,0
DA:241,0
DA:242,0
DA:243,0
DA:244,0
DA:247,0
DA:250,0
DA:251,0
DA:253,0
DA:254,0
DA:263,0
DA:266,0
DA:267,0
DA:268,0
DA:269,0
DA:270,0
LF:117
LH:0
end_of_record
SF:lib/core/utils/file_names.dart
DA:3,0
DA:6,0
DA:7,0
DA:8,0
LF:4
LH:0
end_of_record
SF:lib/features/export/models/export_models.dart
DA:8,0
DA:14,0
DA:15,0
DA:17,0
DA:18,0
DA:21,0
DA:22,0
DA:23,0
DA:24,0
DA:25,0
DA:26,0
DA:29,0
DA:30,0
DA:31,0
DA:32,0
DA:44,4
DA:53,0
DA:62,0
DA:64,0
DA:72,0
DA:73,0
DA:74,0
DA:75,0
DA:76,0
DA:77,0
DA:78,0
DA:90,0
DA:105,0
DA:112,0
DA:113,0
DA:115,0
DA:121,0
DA:122,0
DA:123,0
DA:124,0
LF:35
LH:1
end_of_record
SF:lib/core/services/local_persistence_service.dart
DA:10,0
DA:11,0
DA:12,0
DA:13,0
DA:18,0
DA:19,0
DA:20,0
DA:23,0
DA:24,0
DA:25,0
DA:28,0
DA:29,0
DA:30,0
DA:33,0
DA:34,0
DA:35,0
DA:40,0
DA:41,0
DA:42,0
DA:45,0
DA:46,0
DA:47,0
DA:50,0
DA:51,0
DA:52,0
DA:57,0
DA:58,0
DA:59,0
DA:62,0
DA:63,0
DA:64,0
DA:69,0
DA:70,0
DA:71,0
DA:72,0
DA:75,0
DA:76,0
DA:77,0
DA:80,0
DA:81,0
DA:82,0
DA:83,0
DA:87,0
DA:88,0
LF:44
LH:0
end_of_record
SF:lib/core/services/pdf_service.dart
DA:11,4
DA:12,1
DA:22,0
DA:31,0
DA:34,0
DA:35,0
DA:37,0
DA:40,0
DA:41,0
DA:45,0
DA:50,0
DA:51,0
DA:52,0
DA:54,0
DA:57,0
DA:58,0
DA:60,0
DA:61,0
DA:63,0
DA:64,0
DA:67,0
DA:71,0
DA:72,0
DA:74,0
DA:76,0
DA:78,0
DA:79,0
DA:80,0
DA:84,0
DA:86,0
DA:87,0
DA:88,0
DA:90,0
DA:91,0
DA:92,0
DA:93,0
DA:94,0
DA:95,0
DA:100,0
DA:101,0
DA:104,0
DA:106,0
DA:108,0
DA:109,0
DA:111,0
DA:112,0
DA:116,0
DA:118,0
DA:119,0
DA:120,0
DA:124,0
DA:125,0
DA:126,0
DA:128,0
DA:129,0
DA:131,0
DA:133,0
DA:134,0
DA:135,0
DA:137,0
DA:138,0
DA:140,0
DA:141,0
DA:143,0
DA:144,0
DA:145,0
DA:148,0
DA:149,0
DA:150,0
DA:154,0
DA:156,0
DA:157,0
DA:163,0
DA:165,0
DA:166,0
DA:168,0
DA:169,0
DA:173,0
DA:175,0
DA:176,0
DA:177,0
DA:181,0
DA:182,0
DA:183,0
DA:185,0
DA:186,0
DA:188,0
DA:189,0
DA:190,0
DA:191,0
DA:193,0
DA:194,0
DA:195,0
DA:197,0
DA:198,0
DA:199,0
DA:207,0
DA:210,0
DA:212,0
DA:213,0
DA:215,0
DA:216,0
DA:217,0
DA:219,0
DA:220,0
DA:223,0
DA:225,0
DA:226,0
DA:227,0
DA:228,0
DA:230,0
DA:235,0
DA:238,0
DA:241,0
DA:249,0
DA:256,0
DA:263,0
DA:264,0
DA:265,0
DA:266,0
DA:267,0
DA:268,0
DA:269,0
DA:270,0
DA:272,0
DA:274,0
DA:277,0
DA:279,0
DA:281,0
DA:282,0
DA:284,0
DA:285,0
DA:286,0
DA:289,0
DA:292,0
DA:293,0
DA:298,0
DA:299,0
DA:302,0
DA:304,0
DA:305,0
DA:306,0
DA:307,0
DA:308,0
DA:309,0
DA:310,0
DA:311,0
DA:312,0
DA:313,0
DA:320,0
DA:321,0
DA:322,0
DA:324,0
DA:326,0
DA:327,0
DA:329,0
DA:332,0
DA:333,0
DA:334,0
DA:335,0
DA:336,0
DA:337,0
DA:338,0
DA:339,0
DA:340,0
DA:341,0
DA:342,0
DA:343,0
DA:344,0
DA:345,0
DA:346,0
DA:347,0
DA:355,0
DA:358,0
DA:359,0
DA:360,0
DA:363,0
DA:364,0
DA:366,0
DA:367,0
DA:370,0
DA:373,0
DA:374,0
DA:376,0
DA:379,0
DA:380,0
DA:383,0
DA:384,0
DA:385,0
DA:388,0
DA:389,0
DA:408,0
DA:411,0
DA:421,0
DA:423,0
DA:428,0
DA:431,0
DA:433,0
DA:434,0
DA:435,0
DA:437,0
DA:439,0
DA:440,0
DA:443,0
DA:444,0
DA:449,0
DA:450,0
DA:451,0
DA:453,0
DA:454,0
DA:455,0
DA:457,0
DA:458,0
DA:460,0
DA:461,0
DA:462,0
DA:463,0
DA:465,0
LF:218
LH:2
end_of_record
SF:lib/features/settings/models/user_settings_model.dart
DA:20,8
DA:40,0
DA:41,0
DA:42,0
DA:43,0
DA:44,0
DA:45,0
DA:46,0
DA:47,0
DA:48,0
DA:49,0
DA:50,0
DA:51,0
DA:52,0
DA:53,0
DA:54,0
DA:55,0
DA:56,0
DA:57,0
DA:58,0
DA:62,0
DA:63,0
DA:64,0
DA:65,0
DA:66,0
DA:67,0
DA:68,0
DA:69,0
DA:70,0
DA:71,0
DA:72,0
DA:73,0
DA:74,0
DA:75,0
DA:76,0
DA:77,0
DA:78,0
DA:79,0
DA:80,0
DA:84,1
DA:103,1
DA:104,0
DA:105,1
DA:106,1
DA:107,1
DA:108,1
DA:109,1
DA:110,1
DA:111,1
DA:112,1
DA:113,0
DA:114,1
DA:115,1
DA:116,1
DA:117,1
DA:118,1
DA:119,1
DA:120,1
DA:124,16
LF:59
LH:19
end_of_record
SF:lib/core/services/soft_delete_service.dart
DA:8,0
DA:11,0
DA:17,0
DA:19,0
DA:20,0
DA:26,0
DA:27,0
DA:29,0
DA:30,0
DA:31,0
DA:36,0
DA:37,0
DA:38,0
DA:39,0
DA:40,0
DA:41,0
DA:42,0
DA:44,0
DA:45,0
DA:47,0
DA:48,0
DA:51,0
DA:52,0
DA:57,0
DA:58,0
DA:60,0
DA:61,0
DA:62,0
DA:63,0
DA:64,0
DA:65,0
DA:66,0
DA:67,0
DA:68,0
DA:70,0
DA:74,0
DA:75,0
DA:77,0
DA:78,0
DA:79,0
DA:80,0
DA:81,0
DA:82,0
DA:83,0
DA:87,0
DA:88,0
DA:89,0
DA:90,0
DA:91,0
DA:92,0
DA:93,0
DA:97,0
DA:98,0
DA:99,0
DA:100,0
DA:101,0
DA:102,0
DA:103,0
DA:105,0
DA:106,0
DA:108,0
DA:109,0
DA:112,0
DA:113,0
DA:126,0
DA:127,0
LF:66
LH:0
end_of_record
SF:lib/core/services/tutorial_service.dart
DA:8,0
DA:16,0
DA:19,0
DA:20,0
DA:24,0
DA:25,0
DA:27,0
DA:28,0
DA:31,0
DA:32,0
DA:33,0
DA:34,0
DA:41,0
DA:42,0
DA:43,0
DA:59,0
DA:60,0
DA:64,0
DA:65,0
DA:67,0
DA:68,0
DA:71,0
DA:72,0
DA:73,0
DA:74,0
DA:81,0
DA:82,0
DA:83,0
DA:98,0
DA:99,0
DA:103,0
DA:104,0
DA:106,0
DA:107,0
DA:110,0
DA:111,0
DA:112,0
DA:113,0
DA:120,0
DA:122,0
DA:137,0
DA:138,0
DA:142,0
DA:143,0
DA:145,0
DA:146,0
DA:149,0
DA:150,0
DA:151,0
DA:152,0
DA:159,0
DA:160,0
DA:161,0
DA:175,0
DA:183,0
DA:184,0
DA:187,0
DA:190,0
DA:195,0
DA:198,0
DA:199,0
DA:203,0
DA:204,0
DA:206,0
DA:207,0
DA:210,0
DA:211,0
DA:212,0
DA:213,0
DA:220,0
DA:222,0
DA:235,0
DA:236,0
DA:240,0
DA:241,0
DA:243,0
DA:244,0
DA:247,0
DA:248,0
DA:249,0
DA:250,0
DA:257,0
DA:259,0
DA:271,0
DA:274,0
DA:280,0
DA:283,0
DA:284,0
DA:288,0
DA:289,0
DA:291,0
DA:292,0
DA:295,0
DA:296,0
DA:297,0
DA:298,0
DA:305,0
DA:307,0
DA:320,0
DA:321,0
DA:325,0
DA:326,0
DA:328,0
DA:329,0
DA:332,0
DA:333,0
DA:335,0
DA:342,0
DA:344,0
DA:357,0
DA:358,0
DA:362,0
DA:363,0
DA:365,0
DA:366,0
DA:369,0
DA:370,0
DA:372,0
DA:379,0
DA:381,0
DA:393,0
DA:396,0
DA:401,0
DA:404,0
DA:405,0
DA:409,0
DA:410,0
DA:412,0
DA:413,0
DA:416,0
DA:417,0
DA:419,0
DA:426,0
DA:428,0
DA:441,0
DA:442,0
DA:446,0
DA:447,0
DA:449,0
DA:450,0
DA:453,0
DA:454,0
DA:456,0
DA:463,0
DA:465,0
DA:477,0
DA:480,0
DA:481,0
DA:487,0
DA:489,0
DA:492,0
LF:151
LH:0
end_of_record
SF:lib/core/services/voice_capture_service.dart
DA:11,0
DA:12,0
DA:15,0
DA:16,0
DA:17,0
DA:20,0
DA:22,0
DA:28,0
DA:29,0
DA:30,0
DA:32,0
DA:36,0
DA:41,0
DA:42,0
DA:46,0
DA:50,0
DA:51,0
DA:52,0
DA:53,0
DA:55,0
DA:58,0
DA:60,0
DA:66,0
DA:69,0
DA:77,0
DA:78,0
DA:79,0
DA:80,0
DA:84,0
DA:88,0
DA:89,0
DA:93,0
DA:94,0
DA:100,0
DA:103,0
DA:104,0
DA:105,0
DA:110,0
DA:111,0
DA:113,0
DA:114,0
LF:41
LH:0
end_of_record
SF:lib/core/utils/platform_image_provider.dart
DA:7,0
DA:8,0
LF:2
LH:0
end_of_record
SF:lib/core/utils/platform_image_provider_mobile.dart
DA:4,0
DA:5,0
DA:6,0
DA:8,0
LF:4
LH:0
end_of_record
SF:lib/features/ai_tools/providers/ai_email_service.dart
DA:4,3
DA:5,0
DA:6,0
DA:12,0
DA:14,0
DA:19,0
DA:24,0
DA:30,0
DA:33,0
DA:35,0
DA:39,0
DA:41,0
DA:43,0
DA:45,0
LF:14
LH:1
end_of_record
SF:lib/features/ai_tools/services/ai_tax_assistant_service.dart
DA:12,0
DA:19,0
DA:20,0
DA:21,0
DA:22,0
DA:23,0
DA:24,0
DA:32,0
DA:34,0
DA:53,0
DA:56,0
DA:57,0
DA:58,0
DA:59,0
DA:62,0
DA:71,0
DA:73,0
DA:74,0
DA:78,0
DA:79,0
DA:80,0
LF:21
LH:0
end_of_record
SF:lib/shared/widgets/biz_card.dart
DA:6,1
DA:15,1
DA:17,1
DA:18,3
LF:4
LH:4
end_of_record
SF:lib/shared/widgets/biz_buttons.dart
DA:6,0
DA:19,0
DA:21,0
DA:23,0
DA:24,0
DA:25,0
DA:26,0
DA:27,0
DA:28,0
DA:29,0
DA:36,0
DA:37,0
DA:39,0
DA:40,0
DA:41,0
DA:43,0
DA:46,0
DA:47,0
DA:48,0
DA:49,0
DA:52,0
DA:53,0
DA:54,0
DA:56,0
DA:57,0
DA:58,0
DA:59,0
DA:64,0
DA:66,0
DA:68,0
DA:70,0
DA:71,0
DA:81,0
DA:82,0
DA:85,0
DA:86,0
DA:87,0
DA:103,5
DA:112,5
DA:114,5
DA:115,5
DA:117,5
DA:118,5
DA:127,5
DA:128,0
DA:129,0
DA:130,0
LF:47
LH:7
end_of_record
SF:lib/features/ai_tools/services/ai_reminder_service.dart
DA:13,0
DA:15,0
DA:28,0
DA:31,0
DA:34,0
DA:36,0
DA:41,0
DA:42,0
DA:43,0
LF:9
LH:0
end_of_record
SF:lib/features/ai_tools/services/biz_bot_service.dart
DA:16,0
DA:18,0
DA:19,0
DA:35,0
DA:38,0
DA:39,0
DA:43,0
DA:44,0
DA:59,0
DA:61,0
DA:64,0
DA:70,0
DA:73,0
DA:74,0
DA:75,0
DA:76,0
DA:78,0
DA:79,0
DA:81,0
DA:82,0
DA:84,0
DA:85,0
DA:87,0
DA:90,0
DA:91,0
DA:92,0
DA:94,0
DA:95,0
DA:96,0
DA:97,0
DA:98,0
DA:101,0
DA:102,0
DA:106,0
DA:107,0
DA:111,0
DA:119,0
DA:122,0
DA:123,0
DA:126,0
DA:134,3
DA:135,0
DA:136,0
LF:43
LH:1
end_of_record
SF:lib/features/invoices/providers/invoices_provider.dart
DA:7,30
DA:8,0
DA:9,0
DA:10,0
DA:13,0
DA:14,0
DA:15,0
DA:21,0
DA:23,0
DA:24,0
DA:27,0
DA:28,0
DA:29,0
DA:32,0
DA:33,0
DA:36,0
DA:37,0
DA:38,0
DA:41,0
DA:42,0
DA:45,0
DA:46,0
DA:47,0
DA:48,0
DA:51,0
DA:52,0
DA:55,0
DA:56,0
DA:57,0
DA:58,0
DA:61,0
DA:62,0
DA:65,0
DA:66,0
DA:67,0
DA:68,0
DA:69,0
DA:75,0
DA:76,0
LF:39
LH:1
end_of_record
SF:lib/features/expenses/providers/expenses_provider.dart
DA:6,24
DA:7,0
DA:8,0
DA:9,0
DA:12,0
DA:13,0
DA:14,0
DA:20,0
DA:22,0
DA:23,0
DA:26,0
DA:27,0
DA:28,0
DA:31,0
DA:32,0
DA:35,0
DA:36,0
DA:37,0
DA:38,0
LF:19
LH:1
end_of_record
SF:lib/features/expenses/models/expense_category.dart
DA:66,0
DA:69,0
DA:71,0
DA:73,0
DA:75,0
DA:77,0
DA:79,0
DA:83,0
DA:85,0
DA:87,0
DA:89,0
DA:93,0
DA:95,0
DA:97,0
DA:101,0
DA:103,0
DA:105,0
DA:107,0
DA:109,0
DA:113,0
DA:115,0
DA:117,0
DA:121,0
DA:123,0
DA:125,0
DA:127,0
DA:131,0
DA:133,0
DA:135,0
DA:137,0
DA:141,0
DA:143,0
DA:145,0
DA:149,0
DA:151,0
DA:155,0
DA:157,0
DA:163,0
DA:166,0
DA:168,0
DA:170,0
DA:172,0
DA:174,0
DA:176,0
DA:180,0
DA:182,0
DA:184,0
DA:186,0
DA:190,0
DA:192,0
DA:194,0
DA:198,0
DA:200,0
DA:202,0
DA:204,0
DA:206,0
DA:210,0
DA:212,0
DA:214,0
DA:218,0
DA:220,0
DA:222,0
DA:224,0
DA:228,0
DA:230,0
DA:232,0
DA:234,0
DA:238,0
DA:240,0
DA:242,0
DA:246,0
DA:248,0
DA:252,0
DA:254,0
DA:260,0
DA:263,0
DA:264,0
DA:265,0
DA:266,0
DA:267,0
DA:268,0
DA:272,0
DA:273,0
DA:274,0
DA:275,0
DA:279,0
DA:280,0
DA:281,0
DA:285,0
DA:286,0
DA:287,0
DA:288,0
DA:289,0
DA:293,0
DA:294,0
DA:295,0
DA:299,0
DA:300,0
DA:301,0
DA:302,0
DA:306,0
DA:307,0
DA:308,0
DA:309,0
DA:313,0
DA:314,0
DA:315,0
DA:319,0
DA:320,0
DA:324,0
DA:325,0
DA:331,0
DA:333,0
DA:334,0
DA:335,0
DA:336,0
DA:337,0
DA:338,0
DA:341,0
DA:342,0
DA:343,0
DA:344,0
DA:347,0
DA:348,0
DA:349,0
DA:352,0
DA:353,0
DA:354,0
DA:355,0
DA:356,0
DA:359,0
DA:360,0
DA:361,0
DA:364,0
DA:365,0
DA:366,0
DA:367,0
DA:370,0
DA:371,0
DA:372,0
DA:373,0
DA:376,0
DA:377,0
DA:378,0
DA:381,0
DA:382,0
DA:385,0
DA:386,0
DA:393,1
DA:396,1
DA:397,3
DA:405,0
DA:406,0
DA:408,0
DA:409,0
DA:410,0
DA:411,0
DA:413,0
LF:158
LH:3
end_of_record
SF:lib/features/settings/providers/settings_provider.dart
DA:6,26
DA:7,6
DA:8,4
DA:9,0
DA:12,0
DA:13,0
DA:14,0
DA:20,0
DA:22,0
DA:23,0
DA:26,0
DA:27,0
DA:28,0
DA:29,0
DA:32,0
DA:33,0
DA:37,0
DA:38,0
DA:40,0
DA:41,0
DA:42,0
DA:43,0
DA:46,0
DA:47,0
DA:51,0
DA:53,0
DA:55,0
DA:56,0
DA:57,0
DA:58,0
DA:61,0
DA:62,0
DA:66,0
DA:67,0
DA:69,0
DA:70,0
DA:71,0
DA:72,0
DA:75,0
DA:76,0
DA:80,0
DA:81,0
DA:83,0
DA:84,0
DA:85,0
DA:86,0
DA:89,0
DA:90,0
DA:94,0
DA:95,0
DA:97,0
DA:98,0
DA:99,0
DA:100,0
LF:54
LH:3
end_of_record
SF:lib/features/analytics/models/expense_insight_model.dart
DA:16,3
DA:28,0
DA:29,0
DA:30,0
DA:31,0
DA:32,0
DA:33,0
DA:34,0
DA:35,0
DA:36,0
DA:37,0
DA:38,0
DA:42,0
DA:44,0
DA:46,0
DA:48,0
DA:50,0
DA:52,0
DA:54,0
DA:61,0
DA:63,0
DA:65,0
DA:67,0
DA:69,0
DA:71,0
DA:78,0
DA:79,0
DA:80,0
DA:82,0
LF:29
LH:1
end_of_record
SF:lib/features/analytics/providers/expense_insights_provider.dart
DA:6,12
DA:7,10
DA:8,12
DA:9,8
DA:12,4
DA:13,8
DA:16,8
DA:17,1
DA:20,4
LF:9
LH:9
end_of_record
SF:lib/features/analytics/services/expense_insights_service.dart
DA:9,15
DA:12,3
DA:19,4
DA:20,8
DA:22,4
DA:23,4
DA:29,4
DA:32,8
DA:34,2
DA:35,1
DA:39,0
DA:40,0
DA:41,0
DA:42,0
DA:43,0
DA:45,0
DA:56,0
DA:68,0
DA:71,0
DA:72,0
DA:73,0
DA:75,0
DA:77,0
DA:78,0
DA:80,0
DA:81,0
DA:85,1
DA:86,1
DA:87,1
DA:95,1
DA:98,1
DA:107,1
LF:32
LH:16
end_of_record
SF:lib/features/auth/models/user_model.dart
DA:10,0
DA:12,2
DA:21,0
DA:22,0
DA:23,0
DA:24,0
DA:25,0
DA:26,0
DA:27,0
DA:28,0
DA:32,0
DA:33,0
DA:34,0
DA:35,0
DA:36,0
DA:37,0
DA:38,0
DA:39,0
LF:18
LH:1
end_of_record
SF:lib/features/auth/providers/auth_provider.dart
DA:4,0
DA:5,0
DA:6,0
DA:12,0
DA:14,0
DA:15,0
DA:16,0
DA:17,0
DA:20,0
DA:21,0
DA:22,0
DA:23,0
DA:26,0
DA:27,0
DA:28,0
DA:31,0
DA:32,0
DA:33,0
DA:36,0
DA:37,0
LF:20
LH:0
end_of_record
SF:lib/features/bank_import/models/bank_csv_profile.dart
DA:15,4
LF:1
LH:1
end_of_record
SF:lib/features/bank_import/models/bank_match.dart
DA:24,0
DA:36,0
DA:37,0
DA:38,0
DA:41,0
LF:5
LH:0
end_of_record
SF:lib/features/bank_import/models/bank_tx.dart
DA:17,2
DA:32,2
DA:36,2
DA:37,4
DA:39,0
LF:5
LH:4
end_of_record
SF:lib/features/bank_import/models/invoice_like.dart
DA:8,0
LF:1
LH:0
end_of_record
SF:lib/features/bank_import/providers/bank_import_provider.dart
DA:16,4
DA:25,0
DA:33,0
DA:34,0
DA:35,0
DA:36,0
DA:37,0
DA:38,0
DA:39,0
DA:44,0
DA:45,0
DA:53,0
DA:56,0
DA:57,0
DA:60,0
DA:61,0
DA:64,0
DA:65,0
DA:67,0
DA:68,0
DA:70,0
DA:71,0
DA:72,0
DA:78,0
DA:79,0
DA:80,0
DA:83,0
DA:84,0
DA:85,0
DA:86,0
DA:87,0
DA:88,0
DA:91,0
DA:92,0
DA:95,0
DA:96,0
LF:36
LH:1
end_of_record
SF:lib/features/bank_import/services/bank_csv_parser_service.dart
DA:14,5
DA:22,4
DA:24,1
DA:29,1
DA:31,2
DA:32,1
DA:39,1
DA:43,1
DA:45,1
DA:52,5
DA:53,2
DA:55,0
DA:56,1
DA:58,1
DA:59,0
DA:61,1
DA:62,0
DA:65,1
DA:66,2
DA:67,4
DA:69,2
DA:70,2
DA:71,2
DA:73,1
DA:77,3
DA:80,3
DA:82,2
DA:83,1
DA:85,1
DA:86,4
DA:90,2
DA:91,3
DA:92,3
DA:93,2
DA:94,2
DA:97,1
DA:100,1
DA:101,0
DA:105,1
DA:110,1
DA:111,1
DA:112,2
DA:113,2
DA:114,0
DA:115,0
DA:116,0
DA:121,1
DA:122,3
DA:123,1
DA:124,1
DA:125,1
DA:126,1
DA:127,1
DA:130,6
DA:131,3
DA:134,4
DA:136,0
DA:137,0
DA:138,0
DA:139,0
DA:140,0
DA:141,0
DA:142,0
DA:143,0
DA:144,0
DA:145,0
DA:149,0
DA:150,0
DA:153,1
DA:155,1
DA:156,3
DA:157,2
DA:158,2
DA:159,1
DA:165,1
DA:168,1
DA:170,1
DA:171,2
DA:172,2
DA:173,2
DA:174,2
DA:175,2
DA:176,2
DA:177,2
DA:178,2
DA:184,1
DA:186,3
DA:187,2
DA:190,1
DA:192,2
DA:194,1
DA:195,1
DA:196,1
DA:197,1
DA:198,1
DA:199,1
DA:200,1
DA:201,1
DA:202,1
DA:203,1
DA:204,1
DA:205,1
DA:206,1
DA:207,1
DA:208,1
DA:209,1
DA:210,1
DA:211,1
DA:212,1
DA:215,3
DA:217,3
DA:219,1
DA:222,1
DA:223,1
DA:224,0
DA:225,0
DA:228,1
DA:231,1
DA:232,1
DA:233,1
DA:236,2
DA:240,1
DA:241,1
DA:243,1
DA:244,1
DA:247,0
DA:248,0
DA:249,0
DA:250,0
DA:251,0
DA:253,0
DA:256,1
DA:259,1
DA:260,1
DA:261,1
DA:264,1
DA:265,0
DA:269,2
DA:271,2
DA:272,2
DA:273,2
DA:274,1
DA:279,0
DA:281,0
DA:282,0
DA:283,0
DA:284,0
LF:147
LH:114
end_of_record
SF:lib/features/bank_import/services/bank_match_service.dart
DA:10,1
DA:19,4
DA:21,1
DA:26,1
DA:28,2
DA:30,3
DA:31,1
DA:32,1
DA:34,2
DA:35,2
DA:36,0
DA:39,0
DA:42,1
DA:49,1
DA:51,1
DA:54,2
DA:55,2
DA:56,3
DA:57,1
DA:58,1
DA:62,5
DA:63,1
DA:64,1
DA:68,3
DA:69,1
DA:70,2
DA:71,4
DA:75,2
DA:76,5
DA:77,1
DA:78,1
DA:80,2
DA:81,0
DA:82,0
DA:85,1
DA:86,1
DA:90,2
DA:94,3
DA:96,1
DA:97,1
DA:98,1
DA:99,2
DA:101,2
DA:102,2
DA:103,1
DA:104,1
DA:107,1
DA:109,1
DA:110,2
DA:111,2
DA:112,1
DA:113,1
DA:114,6
LF:53
LH:49
end_of_record
SF:lib/features/bank_import/providers/invoice_like_repo_provider.dart
DA:6,0
DA:7,0
DA:8,0
DA:10,0
DA:11,0
DA:14,0
DA:15,0
DA:16,0
DA:17,0
DA:18,0
DA:19,0
DA:20,0
LF:12
LH:0
end_of_record
SF:lib/features/invoices/providers/invoices_repository.dart
DA:6,0
DA:7,0
DA:8,0
DA:15,1
DA:17,1
DA:19,2
DA:21,1
DA:22,1
DA:23,1
DA:28,1
DA:29,1
DA:30,1
DA:31,1
DA:32,1
DA:33,1
DA:35,3
DA:36,1
DA:37,2
DA:38,2
DA:40,1
DA:41,3
DA:44,4
DA:53,1
DA:55,2
DA:57,1
DA:58,1
DA:59,1
DA:61,1
DA:62,1
DA:63,1
DA:64,1
DA:65,1
DA:66,1
DA:68,2
DA:69,3
DA:70,1
DA:71,2
DA:72,2
DA:74,1
DA:75,3
DA:78,4
DA:84,1
DA:86,3
DA:87,1
DA:88,1
DA:89,2
DA:91,1
DA:92,1
DA:93,1
DA:94,1
DA:95,1
DA:96,2
DA:99,1
DA:100,1
DA:101,2
DA:102,3
DA:104,1
DA:105,1
DA:106,1
DA:107,1
DA:108,2
DA:109,2
DA:112,0
DA:115,0
DA:116,0
DA:117,0
DA:118,0
DA:119,0
DA:122,0
DA:123,0
DA:124,0
DA:125,0
DA:126,0
DA:127,0
DA:130,1
DA:131,2
DA:132,1
DA:133,1
DA:134,1
DA:135,1
DA:136,1
DA:137,1
LF:82
LH:67
end_of_record
SF:lib/shared/widgets/biz_empty_state.dart
DA:6,0
DA:23,0
DA:25,0
DA:27,0
DA:29,0
DA:30,0
DA:32,0
DA:34,0
DA:35,0
DA:37,0
DA:39,0
DA:44,0
DA:46,0
DA:49,0
DA:50,0
DA:51,0
DA:56,0
DA:57,0
DA:58,0
DA:59,0
DA:62,0
DA:64,0
DA:65,0
DA:66,0
DA:69,0
LF:25
LH:0
end_of_record
SF:lib/shared/widgets/biz_section_header.dart
DA:5,7
DA:14,4
DA:16,4
DA:17,4
DA:18,4
DA:19,20
DA:20,4
LF:7
LH:7
end_of_record
SF:lib/features/bank_import/widgets/bank_tx_table.dart
DA:9,0
DA:11,0
DA:13,0
DA:15,0
DA:24,0
DA:25,0
DA:26,0
DA:27,0
DA:28,0
DA:29,0
DA:30,0
DA:31,0
DA:32,0
DA:33,0
DA:35,0
DA:40,0
LF:16
LH:0
end_of_record
SF:lib/features/billing/billing_service.dart
DA:16,0
DA:23,0
DA:29,0
DA:30,0
DA:31,0
DA:32,0
DA:39,0
DA:40,0
DA:41,0
DA:49,0
DA:50,0
DA:53,0
DA:54,0
DA:56,0
DA:61,0
DA:62,0
DA:63,0
DA:64,0
DA:66,0
DA:67,0
DA:69,0
DA:70,0
DA:74,0
DA:75,0
DA:77,0
DA:78,0
DA:81,0
DA:82,0
DA:85,0
DA:86,0
DA:87,0
DA:88,0
DA:89,0
DA:94,0
DA:95,0
DA:104,0
DA:106,0
DA:107,0
DA:110,0
DA:111,0
DA:115,0
DA:119,0
DA:120,0
DA:125,0
DA:128,0
DA:132,0
DA:133,0
DA:136,0
DA:137,0
DA:138,0
DA:139,0
DA:141,0
DA:142,0
DA:143,0
DA:144,0
DA:146,0
DA:149,0
DA:150,0
DA:156,0
DA:163,0
DA:165,0
DA:166,0
DA:167,0
DA:169,0
DA:175,0
DA:177,0
DA:185,0
DA:187,0
DA:188,0
LF:69
LH:0
end_of_record
SF:lib/features/entitlements/user_entitlements.dart
DA:12,4
DA:22,0
DA:24,0
DA:33,0
DA:34,0
DA:35,0
DA:36,0
DA:37,0
DA:38,0
DA:39,0
DA:40,0
DA:44,0
LF:12
LH:1
end_of_record
SF:lib/features/limits/usage_limiter.dart
DA:11,0
DA:13,0
DA:14,0
DA:16,0
DA:17,0
DA:20,0
DA:21,0
DA:24,0
DA:25,0
DA:26,0
DA:29,0
DA:30,0
DA:31,0
DA:34,0
DA:38,0
DA:39,0
DA:40,0
DA:41,0
DA:45,0
DA:46,0
DA:49,0
DA:50,0
DA:51,0
LF:23
LH:0
end_of_record
SF:lib/features/billing/paywall_screen.dart
DA:10,4
DA:12,0
DA:14,0
DA:15,0
DA:17,0
DA:18,0
DA:19,0
DA:21,0
DA:29,0
DA:30,0
DA:33,0
DA:34,0
DA:35,0
DA:37,0
DA:39,0
DA:41,0
DA:45,0
DA:46,0
DA:48,0
DA:50,0
DA:72,0
DA:73,0
DA:74,0
DA:75,0
DA:77,0
DA:79,0
DA:80,0
DA:81,0
DA:82,0
DA:86,0
DA:87,0
DA:104,0
DA:106,0
DA:107,0
DA:108,0
DA:110,0
DA:118,0
DA:121,0
DA:122,0
DA:127,0
DA:130,0
DA:134,0
DA:138,0
DA:142,0
DA:149,0
DA:150,0
DA:152,0
DA:154,0
DA:168,0
DA:176,0
DA:178,0
DA:179,0
DA:180,0
DA:187,0
DA:188,0
DA:189,0
DA:190,0
DA:194,0
DA:195,0
DA:196,0
DA:197,0
DA:199,0
DA:201,0
DA:202,0
DA:203,0
DA:206,0
DA:207,0
DA:208,0
DA:209,0
DA:210,0
DA:216,0
DA:217,0
DA:227,0
DA:228,0
DA:230,0
DA:232,0
DA:234,0
DA:235,0
DA:251,4
DA:253,0
DA:255,0
DA:257,0
DA:258,0
DA:259,0
DA:261,0
LF:85
LH:2
end_of_record
SF:lib/features/billing/subscription_guard.dart
DA:17,0
DA:19,0
DA:20,0
DA:21,0
DA:22,0
DA:23,0
DA:28,0
DA:32,0
DA:34,0
DA:36,0
DA:38,0
DA:40,0
DA:41,0
DA:43,0
DA:46,0
DA:49,0
DA:69,0
DA:70,0
DA:71,0
DA:74,0
DA:76,0
DA:78,0
DA:80,0
DA:82,0
DA:84,0
DA:86,0
DA:92,0
DA:93,0
LF:28
LH:0
end_of_record
SF:lib/features/dashboard/providers/profit_provider.dart
DA:13,5
DA:20,4
DA:22,12
DA:23,8
DA:24,4
DA:26,4
DA:27,12
DA:29,7
DA:31,5
DA:32,3
DA:33,7
DA:35,8
DA:37,10
DA:38,8
DA:40,4
LF:15
LH:15
end_of_record
SF:lib/features/dashboard/providers/profit_provider.g.dart
DA:9,4
DA:13,15
LF:2
LH:2
end_of_record
SF:lib/features/dashboard/providers/revenue_provider.dart
DA:16,6
DA:26,4
DA:28,8
DA:29,7
DA:31,4
DA:32,12
DA:33,16
DA:34,6
DA:35,2
DA:37,5
DA:38,1
DA:39,2
DA:40,2
DA:42,7
DA:44,7
DA:46,7
DA:49,5
DA:50,2
DA:51,2
DA:52,7
DA:55,5
DA:56,2
DA:57,4
DA:58,4
DA:61,6
DA:63,4
LF:26
LH:26
end_of_record
SF:lib/features/dashboard/providers/revenue_provider.g.dart
DA:9,4
DA:13,12
DA:14,6
LF:3
LH:3
end_of_record
SF:lib/features/dashboard/widgets/dashboard_tax_widget.dart
DA:13,4
DA:15,4
DA:17,8
DA:18,8
DA:19,8
DA:20,8
DA:22,4
DA:24,4
DA:25,4
DA:26,4
DA:27,12
DA:29,4
DA:31,4
DA:33,4
DA:35,4
DA:42,4
DA:49,4
DA:50,4
DA:51,4
DA:52,4
DA:54,8
DA:55,4
DA:58,4
DA:64,4
DA:65,3
DA:66,3
DA:68,6
DA:71,3
DA:72,9
DA:74,8
DA:75,0
DA:76,0
DA:78,0
DA:79,0
DA:81,0
DA:91,4
DA:93,8
DA:94,4
DA:95,2
DA:96,0
DA:97,4
DA:98,4
DA:100,4
DA:102,4
DA:103,0
DA:104,0
DA:105,4
DA:107,0
DA:110,4
DA:112,4
DA:113,4
DA:115,4
DA:116,4
DA:117,4
DA:118,4
DA:120,4
DA:121,4
DA:122,16
DA:124,4
DA:129,4
DA:132,4
DA:133,4
DA:134,4
DA:136,4
DA:138,4
DA:147,4
DA:148,4
DA:149,4
DA:150,8
DA:151,4
DA:157,4
DA:159,4
DA:160,4
DA:161,8
DA:162,4
DA:164,4
DA:167,4
DA:168,12
DA:169,4
DA:170,4
DA:182,4
DA:184,8
DA:186,4
DA:187,3
DA:188,0
DA:189,4
DA:190,4
DA:192,4
DA:193,4
DA:194,4
DA:195,8
DA:197,4
DA:199,4
DA:202,4
DA:208,4
DA:211,4
DA:215,4
DA:217,0
DA:220,0
DA:225,4
DA:226,4
DA:229,12
DA:239,4
DA:241,4
DA:242,4
DA:243,4
DA:244,8
DA:246,4
DA:247,4
DA:252,4
DA:253,4
DA:254,4
DA:257,4
DA:264,3
DA:265,6
DA:266,15
DA:267,15
DA:268,0
DA:270,3
DA:272,3
DA:273,3
DA:274,3
DA:277,3
DA:279,0
DA:280,6
DA:281,3
DA:283,3
DA:284,3
DA:285,3
DA:286,9
DA:287,3
DA:290,3
DA:293,3
DA:294,12
DA:295,3
DA:298,3
DA:305,3
DA:306,3
DA:308,3
DA:309,3
DA:310,3
DA:311,3
DA:314,3
DA:317,3
DA:318,3
DA:319,3
DA:321,3
LF:147
LH:133
end_of_record
SF:lib/features/dashboard/widgets/smart_dashboard_empty_state.dart
DA:9,4
DA:11,5
DA:13,15
DA:14,16
DA:15,16
DA:18,6
DA:19,0
DA:21,5
DA:22,5
DA:25,5
DA:26,5
DA:27,5
DA:30,5
DA:31,10
DA:32,15
DA:35,5
DA:36,5
DA:37,5
DA:38,15
DA:44,5
DA:45,5
DA:47,5
DA:50,5
DA:52,5
DA:57,0
DA:61,5
DA:63,5
DA:65,5
DA:66,5
DA:67,5
DA:68,5
DA:70,5
DA:71,5
DA:81,5
DA:82,5
DA:84,5
DA:93,5
DA:95,5
DA:96,5
DA:107,5
DA:108,5
DA:110,5
DA:112,5
DA:113,5
DA:114,5
DA:120,0
DA:123,5
DA:129,0
DA:132,5
DA:138,0
DA:151,5
DA:159,5
DA:161,5
DA:163,5
DA:164,5
DA:166,5
DA:167,5
DA:168,5
DA:170,5
DA:171,15
DA:172,5
DA:174,5
DA:176,10
DA:181,5
DA:182,5
DA:184,5
DA:185,5
DA:193,5
DA:195,5
DA:196,5
DA:203,5
DA:206,5
DA:208,5
DA:209,5
LF:74
LH:69
end_of_record
SF:lib/features/dashboard/widgets/smart_insights_widget.dart
DA:12,4
DA:14,5
DA:16,10
DA:18,5
DA:19,5
DA:20,5
DA:23,1
DA:25,1
DA:27,1
DA:30,4
DA:31,0
DA:39,1
DA:41,1
DA:43,2
DA:45,1
DA:46,1
DA:47,1
DA:48,1
DA:51,1
DA:52,3
DA:53,3
DA:54,1
DA:57,1
DA:58,3
DA:61,1
DA:62,1
DA:63,3
DA:69,1
DA:71,1
DA:72,1
DA:73,1
DA:74,1
DA:75,1
DA:77,1
DA:79,1
DA:80,1
DA:81,1
DA:82,1
DA:84,1
DA:85,3
DA:88,5
DA:91,1
DA:92,1
DA:94,1
DA:95,1
DA:96,1
DA:97,1
DA:98,1
DA:99,1
DA:103,2
DA:107,3
DA:108,1
DA:111,1
DA:112,1
DA:113,1
DA:115,1
DA:116,1
DA:126,1
DA:127,2
DA:136,1
DA:137,1
DA:141,1
DA:142,2
DA:143,1
DA:145,1
DA:149,3
DA:151,1
DA:154,1
DA:155,1
DA:157,1
DA:159,1
DA:163,1
DA:165,4
DA:184,4
DA:186,4
LF:75
LH:74
end_of_record
SF:lib/shared/widgets/notification_bell.dart
DA:8,4
DA:10,4
DA:12,8
DA:14,2
DA:15,2
DA:16,2
DA:17,4
DA:18,4
DA:20,2
DA:22,2
DA:23,2
DA:24,0
DA:25,0
DA:29,2
DA:30,0
DA:33,0
DA:43,0
DA:44,0
DA:60,0
DA:61,0
DA:65,0
DA:73,0
DA:75,0
DA:77,0
DA:79,0
DA:80,0
DA:81,0
DA:82,0
DA:85,0
DA:86,0
DA:87,0
DA:89,0
DA:91,0
DA:92,0
DA:94,0
DA:96,0
DA:97,0
DA:98,0
DA:106,0
DA:107,0
DA:108,0
DA:109,0
DA:111,0
DA:112,0
DA:114,0
DA:120,0
DA:121,0
DA:122,0
DA:123,0
DA:124,0
DA:125,0
DA:126,0
DA:127,0
DA:128,0
DA:130,0
DA:131,0
DA:132,0
DA:133,0
DA:134,0
DA:136,0
DA:140,0
DA:141,0
DA:142,0
DA:146,0
DA:148,0
DA:150,0
DA:151,0
DA:153,0
DA:154,0
DA:155,0
DA:160,0
DA:161,0
DA:173,0
DA:175,0
LF:74
LH:12
end_of_record
SF:lib/shared/widgets/biz_glass_appbar.dart
DA:17,4
DA:30,4
DA:32,4
DA:33,8
DA:35,4
DA:36,4
DA:37,4
DA:38,4
DA:39,4
DA:40,4
DA:42,4
DA:46,4
DA:47,4
DA:48,12
DA:49,4
DA:50,4
DA:51,4
DA:55,0
DA:56,0
DA:57,0
DA:59,4
DA:60,8
DA:61,12
DA:64,4
DA:65,4
DA:67,0
DA:68,4
DA:77,9
DA:80,8
DA:84,4
LF:30
LH:26
end_of_record
SF:lib/features/tax/providers/tax_provider.dart
DA:6,15
DA:8,18
DA:9,6
DA:10,6
DA:14,3
DA:15,6
DA:16,6
LF:7
LH:7
end_of_record
SF:lib/features/tax/providers/tax_thermometer_service.dart
DA:16,5
DA:19,5
DA:20,10
DA:21,10
DA:22,2
DA:23,10
DA:26,10
DA:27,9
DA:28,8
DA:30,8
DA:31,7
DA:33,1
DA:34,1
DA:36,2
DA:37,2
DA:38,3
DA:39,2
DA:40,2
DA:46,4
DA:48,1
LF:20
LH:20
end_of_record
SF:lib/features/tax/providers/tax_estimation_service.dart
DA:16,4
DA:26,2
DA:37,15
DA:38,6
DA:39,6
DA:40,9
DA:42,3
DA:43,2
DA:44,0
DA:45,3
DA:46,3
DA:47,1
DA:48,0
DA:49,3
DA:50,3
DA:51,6
DA:52,3
DA:55,3
DA:56,0
DA:57,0
DA:58,0
DA:61,3
DA:62,0
DA:65,3
DA:66,3
DA:67,3
DA:70,3
DA:71,0
DA:72,0
DA:73,0
DA:75,3
DA:79,3
DA:83,3
DA:87,0
DA:88,0
DA:89,0
DA:94,6
LF:37
LH:25
end_of_record
SF:lib/shared/widgets/biz_shimmer.dart
DA:9,4
DA:17,0
DA:24,4
DA:26,8
DA:27,4
DA:28,4
DA:29,8
DA:30,4
DA:31,4
DA:32,4
DA:33,4
DA:34,4
DA:35,4
DA:43,4
DA:45,0
DA:47,0
DA:50,0
DA:52,0
DA:53,0
DA:56,0
DA:57,0
DA:59,0
DA:60,0
DA:62,0
DA:64,0
DA:66,0
LF:26
LH:13
end_of_record
SF:lib/features/expenses/providers/expenses_repository.dart
DA:6,0
DA:7,0
DA:8,0
DA:15,1
DA:17,1
DA:19,2
DA:21,1
DA:22,1
DA:24,1
DA:25,1
DA:26,1
DA:27,1
DA:28,1
DA:29,1
DA:31,2
DA:32,3
DA:33,1
DA:34,2
DA:35,3
DA:36,2
DA:37,1
DA:43,1
DA:44,3
DA:45,1
DA:46,1
DA:47,2
DA:49,1
DA:50,1
DA:51,1
DA:52,1
DA:53,1
DA:54,2
DA:57,1
DA:58,2
DA:59,1
DA:60,1
DA:61,1
DA:62,1
DA:63,1
DA:64,1
LF:40
LH:37
end_of_record
SF:lib/shared/utils/biz_snackbar.dart
DA:5,2
DA:6,2
DA:18,0
DA:19,0
DA:31,1
DA:32,1
DA:47,2
DA:53,4
DA:54,4
DA:55,2
DA:56,2
DA:57,2
DA:58,2
DA:60,2
DA:61,2
DA:67,2
DA:68,2
DA:85,4
DA:86,2
DA:99,4
DA:100,4
DA:101,2
DA:102,2
DA:103,2
DA:105,2
DA:106,2
DA:107,2
DA:108,2
DA:115,2
DA:116,2
DA:117,2
DA:119,2
DA:120,2
DA:126,2
DA:127,2
LF:35
LH:33
end_of_record
SF:lib/features/expenses/services/categorization_service.dart
DA:5,0
DA:6,0
DA:14,1
DA:18,1
DA:19,2
DA:22,2
DA:38,2
DA:51,2
DA:64,2
DA:74,2
DA:85,2
DA:96,2
DA:113,2
DA:131,2
DA:144,2
DA:157,2
DA:172,2
DA:185,2
DA:199,2
DA:211,2
DA:223,2
DA:237,2
DA:251,2
DA:262,2
DA:264,2
DA:271,2
DA:287,2
DA:302,2
DA:314,2
DA:326,2
DA:338,2
DA:348,2
DA:359,2
DA:374,1
DA:375,1
DA:382,2
DA:401,1
DA:402,2
DA:403,2
DA:412,0
DA:414,0
DA:415,0
DA:416,0
DA:417,0
DA:418,0
DA:419,0
DA:420,0
DA:422,0
DA:424,0
DA:425,0
DA:426,0
DA:427,0
DA:429,0
DA:433,0
DA:435,0
DA:439,0
DA:442,0
DA:446,0
DA:449,0
DA:450,0
LF:60
LH:37
end_of_record
SF:lib/features/expenses/services/receipt_storage_service.dart
DA:8,0
DA:9,0
DA:16,0
DA:18,0
DA:20,0
DA:21,0
DA:23,0
DA:24,0
DA:25,0
DA:29,0
DA:31,0
DA:35,0
DA:37,0
DA:38,0
DA:39,0
DA:43,0
DA:44,0
DA:48,0
DA:53,0
DA:55,0
DA:56,0
DA:58,0
LF:22
LH:0
end_of_record
SF:lib/features/expenses/widgets/category_selector.dart
DA:12,0
DA:20,0
DA:21,0
DA:28,0
DA:30,0
DA:32,0
DA:34,0
DA:35,0
DA:36,0
DA:38,0
DA:41,0
DA:42,0
DA:45,0
DA:46,0
DA:49,0
DA:51,0
DA:52,0
DA:53,0
DA:58,0
DA:61,0
DA:63,0
DA:66,0
DA:67,0
DA:73,0
DA:74,0
DA:75,0
DA:77,0
DA:79,0
DA:80,0
DA:81,0
DA:82,0
DA:83,0
DA:87,0
DA:88,0
DA:89,0
DA:91,0
DA:95,0
DA:96,0
DA:98,0
DA:99,0
DA:101,0
DA:103,0
DA:107,0
DA:108,0
DA:109,0
DA:112,0
DA:118,0
DA:119,0
DA:120,0
DA:121,0
DA:122,0
DA:125,0
DA:128,0
DA:130,0
DA:132,0
DA:138,0
DA:140,0
DA:141,0
DA:142,0
DA:150,0
DA:151,0
DA:153,0
DA:155,0
DA:157,0
DA:158,0
DA:160,0
DA:161,0
DA:162,0
DA:163,0
DA:168,0
DA:169,0
DA:171,0
DA:172,0
DA:173,0
DA:174,0
DA:175,0
DA:176,0
DA:187,0
DA:190,0
DA:191,0
DA:196,0
DA:197,0
DA:198,0
DA:199,0
DA:202,0
DA:203,0
DA:204,0
DA:206,0
DA:207,0
DA:210,0
DA:213,0
DA:215,0
DA:217,0
DA:225,0
DA:232,0
DA:233,0
DA:234,0
DA:235,0
DA:236,0
DA:238,0
DA:243,0
DA:248,0
DA:249,0
DA:250,0
DA:252,0
DA:254,0
DA:256,0
DA:257,0
DA:258,0
DA:259,0
DA:261,0
DA:263,0
DA:268,0
DA:269,0
DA:270,0
DA:277,0
DA:278,0
DA:279,0
DA:280,0
DA:282,0
DA:283,0
DA:284,0
DA:286,0
DA:289,0
DA:290,0
DA:292,0
DA:296,0
DA:305,0
DA:308,0
DA:311,0
DA:315,0
LF:131
LH:0
end_of_record
SF:lib/features/expenses/widgets/expense_filter_sheet.dart
DA:18,4
DA:25,0
DA:31,0
DA:32,0
DA:33,0
DA:34,0
DA:35,0
DA:44,0
DA:50,0
DA:51,0
DA:60,0
DA:62,0
DA:63,0
DA:64,0
DA:65,0
DA:66,0
DA:67,0
DA:71,0
DA:72,0
DA:73,0
DA:74,0
DA:75,0
DA:76,0
DA:78,0
DA:81,0
DA:82,0
DA:83,0
DA:84,0
DA:85,0
DA:86,0
DA:90,0
DA:92,0
DA:98,0
DA:101,0
DA:103,0
DA:105,0
DA:110,0
DA:111,0
DA:118,0
DA:119,0
DA:120,0
DA:122,0
DA:127,0
DA:129,0
DA:130,0
DA:131,0
DA:132,0
DA:134,0
DA:144,0
DA:145,0
DA:146,0
DA:148,0
DA:149,0
DA:150,0
DA:154,0
DA:155,0
DA:159,0
DA:162,0
DA:163,0
DA:164,0
DA:166,0
DA:167,0
DA:171,0
DA:172,0
DA:174,0
DA:178,0
DA:179,0
DA:180,0
DA:191,0
DA:193,0
DA:196,0
DA:197,0
DA:200,0
DA:201,0
DA:205,0
DA:206,0
DA:207,0
DA:209,0
DA:210,0
DA:211,0
DA:221,0
DA:224,0
DA:225,0
DA:226,0
DA:227,0
DA:229,0
DA:231,0
DA:232,0
DA:233,0
DA:235,0
DA:237,0
DA:241,0
DA:242,0
DA:246,0
DA:249,0
DA:258,0
DA:260,0
DA:261,0
DA:262,0
DA:264,0
DA:275,0
DA:276,0
DA:277,0
DA:278,0
DA:280,0
DA:282,0
DA:283,0
LF:107
LH:1
end_of_record
SF:lib/features/export/providers/export_provider.dart
DA:7,0
DA:8,0
DA:9,0
DA:15,0
DA:17,0
DA:21,0
DA:25,0
DA:26,0
DA:31,0
DA:32,0
DA:34,0
DA:37,0
DA:38,0
DA:39,0
DA:41,0
DA:42,0
DA:46,0
DA:48,0
DA:52,0
DA:56,0
DA:57,0
LF:21
LH:0
end_of_record
SF:lib/features/export/providers/firestore_export_data_source.dart
DA:18,0
DA:20,0
DA:22,0
DA:23,0
DA:24,0
DA:25,0
DA:26,0
DA:27,0
DA:28,0
DA:29,0
DA:31,0
DA:32,0
DA:33,0
DA:35,0
DA:36,0
DA:40,0
DA:42,0
DA:45,0
DA:51,0
DA:52,0
DA:53,0
DA:54,0
DA:55,0
DA:56,0
DA:57,0
DA:65,0
DA:67,0
DA:68,0
DA:69,0
DA:70,0
DA:71,0
DA:72,0
DA:73,0
DA:75,0
DA:76,0
DA:77,0
DA:79,0
DA:80,0
DA:81,0
DA:82,0
DA:84,0
DA:85,0
DA:86,0
DA:89,0
DA:90,0
DA:93,0
DA:94,0
DA:98,0
DA:99,0
DA:100,0
DA:101,0
DA:102,0
DA:103,0
DA:111,0
DA:114,0
DA:115,0
DA:116,0
DA:117,0
DA:118,0
DA:119,0
DA:124,0
DA:126,0
DA:127,0
DA:128,0
DA:129,0
DA:132,0
DA:133,0
DA:140,0
DA:141,0
DA:142,0
DA:143,0
DA:144,0
DA:148,0
DA:150,0
DA:152,0
DA:154,0
LF:76
LH:0
end_of_record
SF:lib/shared/widgets/biz_progress_list.dart
DA:5,0
DA:12,0
DA:16,0
DA:18,0
DA:19,0
DA:20,0
DA:24,0
DA:25,0
DA:26,0
DA:28,0
LF:10
LH:0
end_of_record
SF:lib/features/invoices/providers/reminder_service.dart
DA:4,4
DA:5,1
DA:9,1
DA:10,1
DA:12,4
DA:14,1
DA:17,0
DA:18,0
DA:23,0
DA:25,1
DA:28,0
DA:29,0
DA:30,0
DA:34,0
LF:14
LH:7
end_of_record
SF:lib/features/notifications/services/notification_service.dart
DA:7,9
DA:8,0
DA:14,1
DA:15,0
DA:19,1
DA:20,1
DA:22,1
DA:35,1
DA:41,2
DA:43,0
DA:44,0
DA:48,1
DA:51,0
DA:52,0
DA:53,0
DA:54,0
DA:55,0
DA:57,0
DA:62,0
DA:64,0
DA:67,0
DA:72,1
DA:92,2
DA:101,0
DA:108,0
DA:112,0
LF:26
LH:10
end_of_record
SF:lib/features/settings/providers/settings_repository.dart
DA:5,3
DA:6,0
DA:12,1
DA:14,0
DA:15,0
DA:16,0
DA:17,0
DA:18,0
DA:19,0
DA:20,0
DA:21,0
DA:22,0
DA:23,0
DA:25,0
DA:29,0
DA:30,0
DA:31,0
DA:32,0
DA:33,0
DA:34,0
DA:35,0
DA:37,0
DA:38,0
DA:40,0
DA:43,0
DA:44,0
DA:45,0
DA:46,0
DA:47,0
DA:48,0
DA:49,0
LF:31
LH:2
end_of_record
SF:lib/features/tax/models/tax_deadline_model.dart
DA:7,4
LF:1
LH:1
end_of_record
SF:lib/features/tax/services/tax_service.dart
DA:6,3
DA:7,3
DA:8,3
DA:12,6
DA:14,0
DA:15,0
DA:16,0
DA:19,0
DA:23,0
DA:29,6
DA:30,3
DA:31,0
DA:33,6
DA:42,9
DA:43,6
DA:44,12
DA:46,6
DA:53,15
LF:18
LH:12
end_of_record
SF:lib/shared/widgets/watched_company_button.dart
DA:14,0
DA:22,0
DA:24,0
DA:26,0
DA:28,0
DA:29,0
DA:30,0
DA:31,0
DA:33,0
DA:34,0
DA:36,0
DA:39,0
DA:45,0
DA:53,0
DA:57,0
DA:59,0
DA:61,0
DA:62,0
DA:67,0
DA:74,0
DA:95,0
DA:96,0
DA:98,0
DA:99,0
DA:100,0
DA:103,0
DA:104,0
DA:105,0
LF:28
LH:0
end_of_record
SF:lib/features/tools/services/monitoring_service.dart
DA:5,14
DA:6,2
DA:12,0
DA:15,0
DA:16,0
DA:17,0
DA:19,0
DA:20,0
DA:21,0
DA:22,0
DA:23,0
DA:24,0
DA:25,0
DA:26,0
DA:27,0
DA:29,0
DA:33,0
DA:34,0
DA:39,0
DA:43,0
DA:44,0
DA:47,0
DA:48,0
DA:49,0
DA:50,0
DA:51,0
DA:52,0
DA:54,0
DA:55,0
DA:58,0
LF:30
LH:2
end_of_record
SF:lib/features/tools/services/watched_companies_service.dart
DA:5,0
DA:6,0
DA:13,2
DA:15,1
DA:16,1
DA:18,4
DA:22,1
DA:23,0
DA:26,1
DA:27,1
DA:28,0
DA:30,3
DA:33,2
DA:38,1
DA:39,1
DA:42,2
DA:46,1
DA:47,1
DA:48,0
DA:50,5
DA:54,0
DA:55,0
DA:59,0
DA:60,0
DA:64,0
DA:65,0
DA:66,0
DA:69,0
DA:70,0
DA:71,0
LF:30
LH:15
end_of_record
SF:lib/shared/widgets/display/biz_invoice_card.dart
DA:20,1
DA:33,1
DA:35,1
DA:36,2
DA:37,1
DA:38,3
DA:40,1
DA:41,1
DA:42,3
DA:43,1
DA:44,1
DA:45,1
DA:46,1
DA:47,1
DA:48,0
DA:50,1
DA:54,1
DA:55,1
DA:56,1
DA:57,1
DA:58,1
DA:59,8
DA:61,1
DA:63,1
DA:64,1
DA:66,1
DA:69,1
DA:70,1
DA:71,1
DA:73,1
DA:74,2
DA:82,1
DA:83,1
DA:85,1
DA:86,1
DA:87,1
DA:88,3
DA:95,1
DA:96,1
DA:97,3
DA:99,1
DA:100,1
DA:101,3
DA:102,2
DA:112,1
DA:114,1
DA:115,1
DA:116,2
DA:118,3
DA:124,1
DA:125,3
DA:127,3
DA:128,2
DA:139,4
DA:142,1
DA:143,1
DA:144,1
DA:145,1
DA:147,1
DA:148,1
DA:150,1
DA:151,1
LF:62
LH:61
end_of_record
SF:lib/shared/widgets/display/biz_customer_card.dart
DA:12,0
DA:20,0
DA:22,0
DA:23,0
DA:24,0
DA:26,0
DA:29,0
DA:30,0
DA:31,0
DA:36,0
DA:37,0
DA:38,0
DA:39,0
DA:40,0
DA:41,0
DA:42,0
DA:44,0
DA:45,0
DA:46,0
DA:48,0
DA:49,0
DA:50,0
DA:56,0
DA:57,0
DA:59,0
DA:60,0
DA:61,0
DA:62,0
DA:64,0
DA:66,0
DA:67,0
DA:68,0
DA:69,0
DA:80,0
DA:81,0
DA:83,0
DA:84,0
DA:85,0
DA:87,0
DA:89,0
DA:92,0
DA:94,0
DA:97,0
DA:98,0
DA:104,0
LF:45
LH:0
end_of_record
SF:lib/shared/widgets/display/biz_stats_card.dart
DA:13,4
DA:23,5
DA:25,5
DA:26,10
DA:27,7
DA:29,5
DA:32,5
DA:33,5
DA:34,5
DA:39,5
DA:40,30
DA:42,5
DA:44,5
DA:47,5
DA:48,5
DA:50,5
DA:51,5
DA:53,5
DA:54,5
DA:55,5
DA:57,10
DA:59,5
DA:60,15
DA:64,5
DA:66,5
DA:67,5
DA:68,5
DA:69,15
DA:71,10
DA:73,25
DA:75,5
DA:76,10
DA:77,15
DA:78,10
DA:89,20
DA:97,5
DA:99,5
DA:101,5
DA:102,5
DA:104,5
DA:105,5
DA:106,5
DA:108,5
DA:110,5
DA:111,5
DA:112,5
DA:117,5
DA:118,5
DA:119,5
LF:49
LH:49
end_of_record
SF:lib/shared/widgets/display/biz_transaction_row.dart
DA:12,0
DA:21,0
DA:23,0
DA:24,0
DA:26,0
DA:28,0
DA:29,0
DA:30,0
DA:32,0
DA:33,0
DA:34,0
DA:36,0
DA:37,0
DA:38,0
DA:43,0
DA:44,0
DA:46,0
DA:47,0
DA:48,0
DA:49,0
DA:50,0
DA:55,0
DA:56,0
DA:57,0
DA:59,0
DA:60,0
LF:26
LH:0
end_of_record
SF:lib/shared/widgets/display/biz_chart_container.dart
DA:9,0
DA:16,0
DA:18,0
DA:19,0
DA:21,0
DA:23,0
DA:24,0
DA:26,0
DA:27,0
DA:28,0
LF:10
LH:0
end_of_record
SF:lib/shared/widgets/display/biz_timeline.dart
DA:11,0
DA:23,0
DA:25,0
DA:27,0
DA:29,0
DA:30,0
DA:31,0
DA:32,0
DA:33,0
DA:35,0
DA:37,0
DA:39,0
DA:40,0
DA:41,0
DA:44,0
DA:45,0
DA:47,0
DA:54,0
DA:57,0
DA:63,0
DA:64,0
DA:66,0
DA:68,0
DA:69,0
DA:70,0
DA:71,0
DA:73,0
DA:77,0
DA:78,0
DA:87,0
LF:30
LH:0
end_of_record
SF:lib/shared/widgets/forms/biz_date_picker.dart
DA:12,0
DA:21,0
DA:23,0
DA:24,0
DA:25,0
DA:28,0
DA:29,0
DA:30,0
DA:32,0
DA:33,0
DA:34,0
DA:35,0
DA:36,0
DA:37,0
DA:38,0
DA:48,0
DA:51,0
DA:52,0
DA:54,0
DA:55,0
DA:58,0
LF:21
LH:0
end_of_record
SF:lib/shared/widgets/forms/biz_currency_input.dart
DA:10,0
DA:18,0
DA:20,0
DA:21,0
DA:23,0
DA:24,0
DA:26,0
DA:27,0
DA:29,0
DA:31,0
LF:10
LH:0
end_of_record
SF:lib/shared/widgets/zen_lock.dart
DA:5,4
DA:7,4
DA:9,4
DA:12,16
DA:14,4
DA:15,8
DA:17,8
DA:18,8
DA:19,4
DA:20,4
DA:21,16
DA:23,8
LF:12
LH:12
end_of_record
SF:lib/shared/widgets/feedback/biz_toast.dart
DA:5,0
DA:6,0
DA:9,0
DA:10,0
DA:13,0
DA:14,0
DA:17,0
DA:18,0
DA:19,0
DA:22,0
DA:23,0
DA:24,0
DA:25,0
DA:27,0
LF:14
LH:0
end_of_record
SF:lib/shared/widgets/feedback/biz_dialog.dart
DA:13,0
DA:24,0
DA:34,0
DA:36,0
DA:48,0
DA:50,0
DA:51,0
DA:52,0
DA:53,0
DA:54,0
DA:55,0
DA:56,0
DA:57,0
DA:58,0
DA:59,0
DA:61,0
DA:63,0
DA:64,0
DA:65,0
DA:66,0
DA:68,0
DA:69,0
DA:71,0
LF:23
LH:0
end_of_record
SF:lib/features/notifications/services/notification_scheduler.dart
DA:7,8
DA:8,2
DA:14,2
DA:16,2
DA:17,6
DA:20,8
DA:21,3
DA:22,2
DA:23,2
DA:24,2
DA:25,1
DA:26,2
DA:29,3
DA:31,2
DA:38,6
DA:39,3
DA:40,2
DA:41,2
DA:42,1
DA:43,2
DA:46,6
DA:54,2
DA:56,8
DA:57,2
LF:24
LH:24
end_of_record
SF:lib/app.dart
DA:14,1
DA:16,1
DA:17,1
DA:21,1
DA:23,1
DA:24,1
DA:27,1
DA:29,4
DA:32,6
DA:33,1
DA:34,4
DA:35,4
DA:42,1
DA:44,3
DA:45,3
DA:47,1
DA:49,1
DA:56,1
DA:57,1
DA:60,1
LF:20
LH:20
end_of_record
SF:lib/core/services/review_service.dart
DA:6,4
DA:7,1
DA:16,1
DA:19,1
DA:20,4
DA:21,1
DA:22,2
DA:23,1
DA:24,0
DA:30,0
DA:31,0
DA:32,0
DA:35,0
DA:37,0
DA:38,0
LF:15
LH:8
end_of_record
